{"meta": {"format": 3, "version": "7.14.1", "timestamp": "2026-06-12T07:36:10.547242", "branch_coverage": false, "show_contexts": false}, "files": {"core/__init__.py": {"executed_lines": [], "summary": {"covered_lines": 0, "num_statements": 0, "percent_covered": 100.0, "percent_covered_display": "100", "missing_lines": 0, "excluded_lines": 0, "percent_statements_covered": 100.0, "percent_statements_covered_display": "100"}, "missing_lines": [], "excluded_lines": [], "functions": {"": {"executed_lines": [], "summary": {"covered_lines": 0, "num_statements": 0, "percent_covered": 100.0, "percent_covered_display": "100", "missing_lines": 0, "excluded_lines": 0, "percent_statements_covered": 100.0, "percent_statements_covered_display": "100"}, "missing_lines": [], "excluded_lines": [], "start_line": 1}}, "classes": {"": {"executed_lines": [], "summary": {"covered_lines": 0, "num_statements": 0, "percent_covered": 100.0, "percent_covered_display": "100", "missing_lines": 0, "excluded_lines": 0, "percent_statements_covered": 100.0, "percent_statements_covered_display": "100"}, "missing_lines": [], "excluded_lines": [], "start_line": 1}}}, "core/auditoria.py": {"executed_lines": [2, 3, 6, 14], "summary": {"covered_lines": 4, "num_statements": 8, "percent_covered": 50.0, "percent_covered_display": "50", "missing_lines": 4, "excluded_lines": 0, "percent_statements_covered": 50.0, "percent_statements_covered_display": "50"}, "missing_lines": [8, 9, 10, 16], "excluded_lines": [], "functions": {"auditar": {"executed_lines": [], "summary": {"covered_lines": 0, "num_statements": 3, "percent_covered": 0.0, "percent_covered_display": "0", "missing_lines": 3, "excluded_lines": 0, "percent_statements_covered": 0.0, "percent_statements_covered_display": "0"}, "missing_lines": [8, 9, 10], "excluded_lines": [], "start_line": 6}, "registrar_evento": {"executed_lines": [], "summary": {"covered_lines": 0, "num_statements": 1, "percent_covered": 0.0, "percent_covered_display": "0", "missing_lines": 1, "excluded_lines": 0, "percent_statements_covered": 0.0, "percent_statements_covered_display": "0"}, "missing_lines": [16], "excluded_lines": [], "start_line": 14}, "": {"executed_lines": [2, 3, 6, 14], "summary": {"covered_lines": 4, "num_statements": 4, "percent_covered": 100.0, "percent_covered_display": "100", "missing_lines": 0, "excluded_lines": 0, "percent_statements_covered": 100.0, "percent_statements_covered_display": "100"}, "missing_lines": [], "excluded_lines": [], "start_line": 1}}, "classes": {"": {"executed_lines": [2, 3, 6, 14], "summary": {"covered_lines": 4, "num_statements": 8, "percent_covered": 50.0, "percent_covered_display": "50", "missing_lines": 4, "excluded_lines": 0, "percent_statements_covered": 50.0, "percent_statements_covered_display": "50"}, "missing_lines": [8, 9, 10, 16], "excluded_lines": [], "start_line": 1}}}, "core/backup_manager.py": {"executed_lines": [2, 3, 4, 5, 6, 8, 11, 53, 74, 80, 81, 82, 84, 85, 86, 88, 89, 90, 93, 94, 99, 100, 101, 102, 106, 110, 114, 115, 118, 123, 124, 125, 127, 128], "summary": {"covered_lines": 34, "num_statements": 96, "percent_covered": 35.416666666666664, "percent_covered_display": "35", "missing_lines": 62, "excluded_lines": 0, "percent_statements_covered": 35.416666666666664, "percent_statements_covered_display": "35"}, "missing_lines": [18, 19, 20, 21, 22, 23, 24, 25, 26, 27, 30, 31, 32, 33, 34, 35, 36, 39, 40, 41, 42, 43, 45, 46, 47, 48, 49, 50, 59, 60, 61, 62, 67, 68, 69, 70, 71, 95, 96, 103, 104, 107, 108, 111, 112, 129, 130, 131, 133, 134, 135, 136, 137, 139, 140, 141, 142, 143, 144, 145, 146, 147], "excluded_lines": [], "functions": {"crear_backup": {"executed_lines": [], "summary": {"covered_lines": 0, "num_statements": 28, "percent_covered": 0.0, "percent_covered_display": "0", "missing_lines": 28, "excluded_lines": 0, "percent_statements_covered": 0.0, "percent_statements_covered_display": "0"}, "missing_lines": [18, 19, 20, 21, 22, 23, 24, 25, 26, 27, 30, 31, 32, 33, 34, 35, 36, 39, 40, 41, 42, 43, 45, 46, 47, 48, 49, 50], "excluded_lines": [], "start_line": 11}, "_limpiar_backups_antiguos": {"executed_lines": [], "summary": {"covered_lines": 0, "num_statements": 9, "percent_covered": 0.0, "percent_covered_display": "0", "missing_lines": 9, "excluded_lines": 0, "percent_statements_covered": 0.0, "percent_statements_covered_display": "0"}, "missing_lines": [59, 60, 61, 62, 67, 68, 69, 70, 71], "excluded_lines": [], "start_line": 53}, "backup_test_restore": {"executed_lines": [80, 81, 82, 84, 85, 86, 88, 89, 90, 93, 94, 99, 100, 101, 102, 106, 110, 114, 115], "summary": {"covered_lines": 19, "num_statements": 27, "percent_covered": 70.37037037037037, "percent_covered_display": "70", "missing_lines": 8, "excluded_lines": 0, "percent_statements_covered": 70.37037037037037, "percent_statements_covered_display": "70"}, "missing_lines": [95, 96, 103, 104, 107, 108, 111, 112], "excluded_lines": [], "start_line": 74}, "restaurar_backup": {"executed_lines": [123, 124, 125, 127, 128], "summary": {"covered_lines": 5, "num_statements": 22, "percent_covered": 22.727272727272727, "percent_covered_display": "23", "missing_lines": 17, "excluded_lines": 0, "percent_statements_covered": 22.727272727272727, "percent_statements_covered_display": "23"}, "missing_lines": [129, 130, 131, 133, 134, 135, 136, 137, 139, 140, 141, 142, 143, 144, 145, 146, 147], "excluded_lines": [], "start_line": 118}, "": {"executed_lines": [2, 3, 4, 5, 6, 8, 11, 53, 74, 118], "summary": {"covered_lines": 10, "num_statements": 10, "percent_covered": 100.0, "percent_covered_display": "100", "missing_lines": 0, "excluded_lines": 0, "percent_statements_covered": 100.0, "percent_statements_covered_display": "100"}, "missing_lines": [], "excluded_lines": [], "start_line": 1}}, "classes": {"": {"executed_lines": [2, 3, 4, 5, 6, 8, 11, 53, 74, 80, 81, 82, 84, 85, 86, 88, 89, 90, 93, 94, 99, 100, 101, 102, 106, 110, 114, 115, 118, 123, 124, 125, 127, 128], "summary": {"covered_lines": 34, "num_statements": 96, "percent_covered": 35.416666666666664, "percent_covered_display": "35", "missing_lines": 62, "excluded_lines": 0, "percent_statements_covered": 35.416666666666664, "percent_statements_covered_display": "35"}, "missing_lines": [18, 19, 20, 21, 22, 23, 24, 25, 26, 27, 30, 31, 32, 33, 34, 35, 36, 39, 40, 41, 42, 43, 45, 46, 47, 48, 49, 50, 59, 60, 61, 62, 67, 68, 69, 70, 71, 95, 96, 103, 104, 107, 108, 111, 112, 129, 130, 131, 133, 134, 135, 136, 137, 139, 140, 141, 142, 143, 144, 145, 146, 147], "excluded_lines": [], "start_line": 1}}}, "core/baseline_config.py": {"executed_lines": [], "summary": {"covered_lines": 0, "num_statements": 47, "percent_covered": 0.0, "percent_covered_display": "0", "missing_lines": 47, "excluded_lines": 0, "percent_statements_covered": 0.0, "percent_statements_covered_display": "0"}, "missing_lines": [5, 6, 7, 8, 9, 12, 16, 30, 42, 55, 62, 63, 64, 66, 67, 68, 69, 70, 71, 72, 73, 74, 76, 77, 78, 79, 80, 82, 84, 85, 86, 87, 89, 91, 92, 93, 95, 97, 98, 99, 100, 101, 102, 108, 109, 111, 112], "excluded_lines": [], "functions": {"BaselineController.__init__": {"executed_lines": [], "summary": {"covered_lines": 0, "num_statements": 2, "percent_covered": 0.0, "percent_covered_display": "0", "missing_lines": 2, "excluded_lines": 0, "percent_statements_covered": 0.0, "percent_statements_covered_display": "0"}, "missing_lines": [63, 64], "excluded_lines": [], "start_line": 62}, "BaselineController._load_config": {"executed_lines": [], "summary": {"covered_lines": 0, "num_statements": 8, "percent_covered": 0.0, "percent_covered_display": "0", "missing_lines": 8, "excluded_lines": 0, "percent_statements_covered": 0.0, "percent_statements_covered_display": "0"}, "missing_lines": [67, 68, 69, 70, 71, 72, 73, 74], "excluded_lines": [], "start_line": 66}, "BaselineController._file_sha256": {"executed_lines": [], "summary": {"covered_lines": 0, "num_statements": 4, "percent_covered": 0.0, "percent_covered_display": "0", "missing_lines": 4, "excluded_lines": 0, "percent_statements_covered": 0.0, "percent_statements_covered_display": "0"}, "missing_lines": [77, 78, 79, 80], "excluded_lines": [], "start_line": 76}, "BaselineController.verify_integrity": {"executed_lines": [], "summary": {"covered_lines": 0, "num_statements": 4, "percent_covered": 0.0, "percent_covered_display": "0", "missing_lines": 4, "excluded_lines": 0, "percent_statements_covered": 0.0, "percent_statements_covered_display": "0"}, "missing_lines": [84, 85, 86, 87], "excluded_lines": [], "start_line": 82}, "BaselineController.can_modify": {"executed_lines": [], "summary": {"covered_lines": 0, "num_statements": 3, "percent_covered": 0.0, "percent_covered_display": "0", "missing_lines": 3, "excluded_lines": 0, "percent_statements_covered": 0.0, "percent_statements_covered_display": "0"}, "missing_lines": [91, 92, 93], "excluded_lines": [], "start_line": 89}, "BaselineController.enable_optional_module": {"executed_lines": [], "summary": {"covered_lines": 0, "num_statements": 8, "percent_covered": 0.0, "percent_covered_display": "0", "missing_lines": 8, "excluded_lines": 0, "percent_statements_covered": 0.0, "percent_statements_covered_display": "0"}, "missing_lines": [97, 98, 99, 100, 101, 102, 108, 109], "excluded_lines": [], "start_line": 95}, "BaselineController.get_baseline_report": {"executed_lines": [], "summary": {"covered_lines": 0, "num_statements": 1, "percent_covered": 0.0, "percent_covered_display": "0", "missing_lines": 1, "excluded_lines": 0, "percent_statements_covered": 0.0, "percent_statements_covered_display": "0"}, "missing_lines": [112], "excluded_lines": [], "start_line": 111}, "": {"executed_lines": [], "summary": {"covered_lines": 0, "num_statements": 17, "percent_covered": 0.0, "percent_covered_display": "0", "missing_lines": 17, "excluded_lines": 0, "percent_statements_covered": 0.0, "percent_statements_covered_display": "0"}, "missing_lines": [5, 6, 7, 8, 9, 12, 16, 30, 42, 55, 62, 66, 76, 82, 89, 95, 111], "excluded_lines": [], "start_line": 1}}, "classes": {"BaselineController": {"executed_lines": [], "summary": {"covered_lines": 0, "num_statements": 30, "percent_covered": 0.0, "percent_covered_display": "0", "missing_lines": 30, "excluded_lines": 0, "percent_statements_covered": 0.0, "percent_statements_covered_display": "0"}, "missing_lines": [63, 64, 67, 68, 69, 70, 71, 72, 73, 74, 77, 78, 79, 80, 84, 85, 86, 87, 91, 92, 93, 97, 98, 99, 100, 101, 102, 108, 109, 112], "excluded_lines": [], "start_line": 12}, "": {"executed_lines": [], "summary": {"covered_lines": 0, "num_statements": 17, "percent_covered": 0.0, "percent_covered_display": "0", "missing_lines": 17, "excluded_lines": 0, "percent_statements_covered": 0.0, "percent_statements_covered_display": "0"}, "missing_lines": [5, 6, 7, 8, 9, 12, 16, 30, 42, 55, 62, 66, 76, 82, 89, 95, 111], "excluded_lines": [], "start_line": 1}}}, "core/calendario_colombiano.py": {"executed_lines": [], "summary": {"covered_lines": 0, "num_statements": 68, "percent_covered": 0.0, "percent_covered_display": "0", "missing_lines": 68, "excluded_lines": 0, "percent_statements_covered": 0.0, "percent_statements_covered_display": "0"}, "missing_lines": [5, 9, 19, 30, 32, 33, 36, 38, 39, 40, 41, 42, 43, 44, 45, 46, 47, 48, 49, 50, 51, 53, 54, 55, 57, 58, 59, 60, 61, 62, 65, 67, 68, 69, 70, 71, 72, 73, 74, 75, 76, 77, 78, 79, 80, 81, 84, 89, 90, 91, 93, 94, 95, 96, 97, 98, 99, 102, 104, 105, 106, 107, 108, 109, 110, 111, 112, 113], "excluded_lines": [], "functions": {"_siguiente_lunes": {"executed_lines": [], "summary": {"covered_lines": 0, "num_statements": 2, "percent_covered": 0.0, "percent_covered_display": "0", "missing_lines": 2, "excluded_lines": 0, "percent_statements_covered": 0.0, "percent_statements_covered_display": "0"}, "missing_lines": [32, 33], "excluded_lines": [], "start_line": 30}, "festivos_anio": {"executed_lines": [], "summary": {"covered_lines": 0, "num_statements": 23, "percent_covered": 0.0, "percent_covered_display": "0", "missing_lines": 23, "excluded_lines": 0, "percent_statements_covered": 0.0, "percent_statements_covered_display": "0"}, "missing_lines": [38, 39, 40, 41, 42, 43, 44, 45, 46, 47, 48, 49, 50, 51, 53, 54, 55, 57, 58, 59, 60, 61, 62], "excluded_lines": [], "start_line": 36}, "_calcular_pascua": {"executed_lines": [], "summary": {"covered_lines": 0, "num_statements": 15, "percent_covered": 0.0, "percent_covered_display": "0", "missing_lines": 15, "excluded_lines": 0, "percent_statements_covered": 0.0, "percent_statements_covered_display": "0"}, "missing_lines": [67, 68, 69, 70, 71, 72, 73, 74, 75, 76, 77, 78, 79, 80, 81], "excluded_lines": [], "start_line": 65}, "calcular_fecha_habil": {"executed_lines": [], "summary": {"covered_lines": 0, "num_statements": 10, "percent_covered": 0.0, "percent_covered_display": "0", "missing_lines": 10, "excluded_lines": 0, "percent_statements_covered": 0.0, "percent_statements_covered_display": "0"}, "missing_lines": [89, 90, 91, 93, 94, 95, 96, 97, 98, 99], "excluded_lines": [], "start_line": 84}, "dias_habiles_entre": {"executed_lines": [], "summary": {"covered_lines": 0, "num_statements": 10, "percent_covered": 0.0, "percent_covered_display": "0", "missing_lines": 10, "excluded_lines": 0, "percent_statements_covered": 0.0, "percent_statements_covered_display": "0"}, "missing_lines": [104, 105, 106, 107, 108, 109, 110, 111, 112, 113], "excluded_lines": [], "start_line": 102}, "": {"executed_lines": [], "summary": {"covered_lines": 0, "num_statements": 8, "percent_covered": 0.0, "percent_covered_display": "0", "missing_lines": 8, "excluded_lines": 0, "percent_statements_covered": 0.0, "percent_statements_covered_display": "0"}, "missing_lines": [5, 9, 19, 30, 36, 65, 84, 102], "excluded_lines": [], "start_line": 1}}, "classes": {"": {"executed_lines": [], "summary": {"covered_lines": 0, "num_statements": 68, "percent_covered": 0.0, "percent_covered_display": "0", "missing_lines": 68, "excluded_lines": 0, "percent_statements_covered": 0.0, "percent_statements_covered_display": "0"}, "missing_lines": [5, 9, 19, 30, 32, 33, 36, 38, 39, 40, 41, 42, 43, 44, 45, 46, 47, 48, 49, 50, 51, 53, 54, 55, 57, 58, 59, 60, 61, 62, 65, 67, 68, 69, 70, 71, 72, 73, 74, 75, 76, 77, 78, 79, 80, 81, 84, 89, 90, 91, 93, 94, 95, 96, 97, 98, 99, 102, 104, 105, 106, 107, 108, 109, 110, 111, 112, 113], "excluded_lines": [], "start_line": 1}}}, "core/capability_registry.py": {"executed_lines": [30, 31, 32, 34, 35, 37, 40, 64, 78, 89, 98, 101, 103, 110, 121, 124, 139, 142, 147, 151, 169, 177, 187, 201, 214, 227], "summary": {"covered_lines": 26, "num_statements": 79, "percent_covered": 32.91139240506329, "percent_covered_display": "33", "missing_lines": 53, "excluded_lines": 0, "percent_statements_covered": 32.91139240506329, "percent_statements_covered_display": "33"}, "missing_lines": [104, 105, 106, 107, 108, 111, 112, 113, 114, 115, 116, 117, 122, 125, 126, 127, 128, 129, 130, 131, 134, 135, 136, 137, 140, 143, 149, 156, 157, 158, 159, 160, 163, 164, 165, 170, 171, 172, 173, 178, 179, 180, 181, 182, 183, 184, 185, 188, 189, 190, 206, 215, 228], "excluded_lines": [], "functions": {"CapabilityRegistry.__new__": {"executed_lines": [], "summary": {"covered_lines": 0, "num_statements": 5, "percent_covered": 0.0, "percent_covered_display": "0", "missing_lines": 5, "excluded_lines": 0, "percent_statements_covered": 0.0, "percent_statements_covered_display": "0"}, "missing_lines": [104, 105, 106, 107, 108], "excluded_lines": [], "start_line": 103}, "CapabilityRegistry.__init__": {"executed_lines": [], "summary": {"covered_lines": 0, "num_statements": 7, "percent_covered": 0.0, "percent_covered_display": "0", "missing_lines": 7, "excluded_lines": 0, "percent_statements_covered": 0.0, "percent_statements_covered_display": "0"}, "missing_lines": [111, 112, 113, 114, 115, 116, 117], "excluded_lines": [], "start_line": 110}, "CapabilityRegistry.get_active_profile": {"executed_lines": [], "summary": {"covered_lines": 0, "num_statements": 1, "percent_covered": 0.0, "percent_covered_display": "0", "missing_lines": 1, "excluded_lines": 0, "percent_statements_covered": 0.0, "percent_statements_covered_display": "0"}, "missing_lines": [122], "excluded_lines": [], "start_line": 121}, "CapabilityRegistry.set_active_profile": {"executed_lines": [], "summary": {"covered_lines": 0, "num_statements": 11, "percent_covered": 0.0, "percent_covered_display": "0", "missing_lines": 11, "excluded_lines": 0, "percent_statements_covered": 0.0, "percent_statements_covered_display": "0"}, "missing_lines": [125, 126, 127, 128, 129, 130, 131, 134, 135, 136, 137], "excluded_lines": [], "start_line": 124}, "CapabilityRegistry.get_active_capabilities": {"executed_lines": [], "summary": {"covered_lines": 0, "num_statements": 1, "percent_covered": 0.0, "percent_covered_display": "0", "missing_lines": 1, "excluded_lines": 0, "percent_statements_covered": 0.0, "percent_statements_covered_display": "0"}, "missing_lines": [140], "excluded_lines": [], "start_line": 139}, "CapabilityRegistry.is_capability_enabled": {"executed_lines": [], "summary": {"covered_lines": 0, "num_statements": 1, "percent_covered": 0.0, "percent_covered_display": "0", "missing_lines": 1, "excluded_lines": 0, "percent_statements_covered": 0.0, "percent_statements_covered_display": "0"}, "missing_lines": [143], "excluded_lines": [], "start_line": 142}, "CapabilityRegistry.is_rc6_enabled": {"executed_lines": [], "summary": {"covered_lines": 0, "num_statements": 1, "percent_covered": 0.0, "percent_covered_display": "0", "missing_lines": 1, "excluded_lines": 0, "percent_statements_covered": 0.0, "percent_statements_covered_display": "0"}, "missing_lines": [149], "excluded_lines": [], "start_line": 147}, "CapabilityRegistry.enable_rc6_extension": {"executed_lines": [], "summary": {"covered_lines": 0, "num_statements": 8, "percent_covered": 0.0, "percent_covered_display": "0", "missing_lines": 8, "excluded_lines": 0, "percent_statements_covered": 0.0, "percent_statements_covered_display": "0"}, "missing_lines": [156, 157, 158, 159, 160, 163, 164, 165], "excluded_lines": [], "start_line": 151}, "CapabilityRegistry.enable_future_capability": {"executed_lines": [], "summary": {"covered_lines": 0, "num_statements": 4, "percent_covered": 0.0, "percent_covered_display": "0", "missing_lines": 4, "excluded_lines": 0, "percent_statements_covered": 0.0, "percent_statements_covered_display": "0"}, "missing_lines": [170, 171, 172, 173], "excluded_lines": [], "start_line": 169}, "CapabilityRegistry._compute_own_hash": {"executed_lines": [], "summary": {"covered_lines": 0, "num_statements": 8, "percent_covered": 0.0, "percent_covered_display": "0", "missing_lines": 8, "excluded_lines": 0, "percent_statements_covered": 0.0, "percent_statements_covered_display": "0"}, "missing_lines": [178, 179, 180, 181, 182, 183, 184, 185], "excluded_lines": [], "start_line": 177}, "CapabilityRegistry.verify_baseline_integrity": {"executed_lines": [], "summary": {"covered_lines": 0, "num_statements": 3, "percent_covered": 0.0, "percent_covered_display": "0", "missing_lines": 3, "excluded_lines": 0, "percent_statements_covered": 0.0, "percent_statements_covered_display": "0"}, "missing_lines": [188, 189, 190], "excluded_lines": [], "start_line": 187}, "CapabilityRegistry.get_document_metadata": {"executed_lines": [], "summary": {"covered_lines": 0, "num_statements": 1, "percent_covered": 0.0, "percent_covered_display": "0", "missing_lines": 1, "excluded_lines": 0, "percent_statements_covered": 0.0, "percent_statements_covered_display": "0"}, "missing_lines": [206], "excluded_lines": [], "start_line": 201}, "CapabilityRegistry.get_baseline_info": {"executed_lines": [], "summary": {"covered_lines": 0, "num_statements": 1, "percent_covered": 0.0, "percent_covered_display": "0", "missing_lines": 1, "excluded_lines": 0, "percent_statements_covered": 0.0, "percent_statements_covered_display": "0"}, "missing_lines": [215], "excluded_lines": [], "start_line": 214}, "CapabilityRegistry.get_capability_snapshot": {"executed_lines": [], "summary": {"covered_lines": 0, "num_statements": 1, "percent_covered": 0.0, "percent_covered_display": "0", "missing_lines": 1, "excluded_lines": 0, "percent_statements_covered": 0.0, "percent_statements_covered_display": "0"}, "missing_lines": [228], "excluded_lines": [], "start_line": 227}, "": {"executed_lines": [30, 31, 32, 34, 35, 37, 40, 64, 78, 89, 98, 101, 103, 110, 121, 124, 139, 142, 147, 151, 169, 177, 187, 201, 214, 227], "summary": {"covered_lines": 26, "num_statements": 26, "percent_covered": 100.0, "percent_covered_display": "100", "missing_lines": 0, "excluded_lines": 0, "percent_statements_covered": 100.0, "percent_statements_covered_display": "100"}, "missing_lines": [], "excluded_lines": [], "start_line": 1}}, "classes": {"CapabilityRegistry": {"executed_lines": [], "summary": {"covered_lines": 0, "num_statements": 53, "percent_covered": 0.0, "percent_covered_display": "0", "missing_lines": 53, "excluded_lines": 0, "percent_statements_covered": 0.0, "percent_statements_covered_display": "0"}, "missing_lines": [104, 105, 106, 107, 108, 111, 112, 113, 114, 115, 116, 117, 122, 125, 126, 127, 128, 129, 130, 131, 134, 135, 136, 137, 140, 143, 149, 156, 157, 158, 159, 160, 163, 164, 165, 170, 171, 172, 173, 178, 179, 180, 181, 182, 183, 184, 185, 188, 189, 190, 206, 215, 228], "excluded_lines": [], "start_line": 98}, "": {"executed_lines": [30, 31, 32, 34, 35, 37, 40, 64, 78, 89, 98, 101, 103, 110, 121, 124, 139, 142, 147, 151, 169, 177, 187, 201, 214, 227], "summary": {"covered_lines": 26, "num_statements": 26, "percent_covered": 100.0, "percent_covered_display": "100", "missing_lines": 0, "excluded_lines": 0, "percent_statements_covered": 100.0, "percent_statements_covered_display": "100"}, "missing_lines": [], "excluded_lines": [], "start_line": 1}}}, "core/crypto_simple.py": {"executed_lines": [11, 12, 13, 14, 16, 18, 21, 23, 26, 27, 28, 29, 32, 33, 34, 35, 36, 37, 38, 41, 43, 44, 45, 54, 57, 59, 61, 62, 63, 64, 65, 68, 70, 71, 72, 73, 74, 75, 76], "summary": {"covered_lines": 39, "num_statements": 43, "percent_covered": 90.69767441860465, "percent_covered_display": "91", "missing_lines": 4, "excluded_lines": 0, "percent_statements_covered": 90.69767441860465, "percent_statements_covered_display": "91"}, "missing_lines": [50, 51, 58, 60], "excluded_lines": [], "functions": {"es_cifrado_institucional": {"executed_lines": [23], "summary": {"covered_lines": 1, "num_statements": 1, "percent_covered": 100.0, "percent_covered_display": "100", "missing_lines": 0, "excluded_lines": 0, "percent_statements_covered": 100.0, "percent_statements_covered_display": "100"}, "missing_lines": [], "excluded_lines": [], "start_line": 21}, "_derive_key": {"executed_lines": [27, 28, 29], "summary": {"covered_lines": 3, "num_statements": 3, "percent_covered": 100.0, "percent_covered_display": "100", "missing_lines": 0, "excluded_lines": 0, "percent_statements_covered": 100.0, "percent_statements_covered_display": "100"}, "missing_lines": [], "excluded_lines": [], "start_line": 26}, "_xor_stream": {"executed_lines": [33, 34, 35, 36, 37, 38], "summary": {"covered_lines": 6, "num_statements": 6, "percent_covered": 100.0, "percent_covered_display": "100", "missing_lines": 0, "excluded_lines": 0, "percent_statements_covered": 100.0, "percent_statements_covered_display": "100"}, "missing_lines": [], "excluded_lines": [], "start_line": 32}, "_audit_weak": {"executed_lines": [43, 44, 45], "summary": {"covered_lines": 3, "num_statements": 5, "percent_covered": 60.0, "percent_covered_display": "60", "missing_lines": 2, "excluded_lines": 0, "percent_statements_covered": 60.0, "percent_statements_covered_display": "60"}, "missing_lines": [50, 51], "excluded_lines": [], "start_line": 41}, "cifrar": {"executed_lines": [57, 59, 61, 62, 63, 64, 65], "summary": {"covered_lines": 7, "num_statements": 9, "percent_covered": 77.77777777777777, "percent_covered_display": "78", "missing_lines": 2, "excluded_lines": 0, "percent_statements_covered": 77.77777777777777, "percent_statements_covered_display": "78"}, "missing_lines": [58, 60], "excluded_lines": [], "start_line": 54}, "descifrar": {"executed_lines": [70, 71, 72, 73, 74, 75, 76], "summary": {"covered_lines": 7, "num_statements": 7, "percent_covered": 100.0, "percent_covered_display": "100", "missing_lines": 0, "excluded_lines": 0, "percent_statements_covered": 100.0, "percent_statements_covered_display": "100"}, "missing_lines": [], "excluded_lines": [], "start_line": 68}, "": {"executed_lines": [11, 12, 13, 14, 16, 18, 21, 26, 32, 41, 54, 68], "summary": {"covered_lines": 12, "num_statements": 12, "percent_covered": 100.0, "percent_covered_display": "100", "missing_lines": 0, "excluded_lines": 0, "percent_statements_covered": 100.0, "percent_statements_covered_display": "100"}, "missing_lines": [], "excluded_lines": [], "start_line": 1}}, "classes": {"": {"executed_lines": [11, 12, 13, 14, 16, 18, 21, 23, 26, 27, 28, 29, 32, 33, 34, 35, 36, 37, 38, 41, 43, 44, 45, 54, 57, 59, 61, 62, 63, 64, 65, 68, 70, 71, 72, 73, 74, 75, 76], "summary": {"covered_lines": 39, "num_statements": 43, "percent_covered": 90.69767441860465, "percent_covered_display": "91", "missing_lines": 4, "excluded_lines": 0, "percent_statements_covered": 90.69767441860465, "percent_statements_covered_display": "91"}, "missing_lines": [50, 51, 58, 60], "excluded_lines": [], "start_line": 1}}}, "core/csrf_manager.py": {"executed_lines": [6, 7, 8, 11, 14, 16, 17, 18, 21, 42], "summary": {"covered_lines": 10, "num_statements": 26, "percent_covered": 38.46153846153846, "percent_covered_display": "38", "missing_lines": 16, "excluded_lines": 0, "percent_statements_covered": 38.46153846153846, "percent_statements_covered_display": "38"}, "missing_lines": [28, 33, 34, 35, 36, 44, 45, 46, 47, 48, 49, 50, 52, 53, 54, 55], "excluded_lines": [], "functions": {"generar_token": {"executed_lines": [16, 17, 18], "summary": {"covered_lines": 3, "num_statements": 3, "percent_covered": 100.0, "percent_covered_display": "100", "missing_lines": 0, "excluded_lines": 0, "percent_statements_covered": 100.0, "percent_statements_covered_display": "100"}, "missing_lines": [], "excluded_lines": [], "start_line": 14}, "verificar_token": {"executed_lines": [], "summary": {"covered_lines": 0, "num_statements": 5, "percent_covered": 0.0, "percent_covered_display": "0", "missing_lines": 5, "excluded_lines": 0, "percent_statements_covered": 0.0, "percent_statements_covered_display": "0"}, "missing_lines": [28, 33, 34, 35, 36], "excluded_lines": [], "start_line": 21}, "csrf_requerido": {"executed_lines": [], "summary": {"covered_lines": 0, "num_statements": 5, "percent_covered": 0.0, "percent_covered_display": "0", "missing_lines": 5, "excluded_lines": 0, "percent_statements_covered": 0.0, "percent_statements_covered_display": "0"}, "missing_lines": [44, 45, 46, 47, 55], "excluded_lines": [], "start_line": 42}, "csrf_requerido.wrapper": {"executed_lines": [], "summary": {"covered_lines": 0, "num_statements": 6, "percent_covered": 0.0, "percent_covered_display": "0", "missing_lines": 6, "excluded_lines": 0, "percent_statements_covered": 0.0, "percent_statements_covered_display": "0"}, "missing_lines": [48, 49, 50, 52, 53, 54], "excluded_lines": [], "start_line": 47}, "": {"executed_lines": [6, 7, 8, 11, 14, 21, 42], "summary": {"covered_lines": 7, "num_statements": 7, "percent_covered": 100.0, "percent_covered_display": "100", "missing_lines": 0, "excluded_lines": 0, "percent_statements_covered": 100.0, "percent_statements_covered_display": "100"}, "missing_lines": [], "excluded_lines": [], "start_line": 1}}, "classes": {"": {"executed_lines": [6, 7, 8, 11, 14, 16, 17, 18, 21, 42], "summary": {"covered_lines": 10, "num_statements": 26, "percent_covered": 38.46153846153846, "percent_covered_display": "38", "missing_lines": 16, "excluded_lines": 0, "percent_statements_covered": 38.46153846153846, "percent_statements_covered_display": "38"}, "missing_lines": [28, 33, 34, 35, 36, 44, 45, 46, 47, 48, 49, 50, 52, 53, 54, 55], "excluded_lines": [], "start_line": 1}}}, "core/database_manager.py": {"executed_lines": [4, 5, 6, 7, 8, 10, 13, 23, 25, 26, 27, 28, 29, 30, 31, 32, 35, 36, 43, 44, 45, 46, 47, 52, 55, 73, 76, 77, 78, 86, 94, 105, 117, 126, 136, 161, 164, 169], "summary": {"covered_lines": 38, "num_statements": 83, "percent_covered": 45.78313253012048, "percent_covered_display": "46", "missing_lines": 45, "excluded_lines": 0, "percent_statements_covered": 45.78313253012048, "percent_statements_covered_display": "46"}, "missing_lines": [48, 49, 50, 57, 58, 63, 64, 65, 66, 70, 82, 83, 88, 89, 90, 91, 96, 97, 102, 110, 111, 112, 113, 114, 119, 120, 123, 128, 129, 130, 131, 132, 133, 138, 139, 140, 141, 144, 147, 148, 166, 175, 176, 177, 178], "excluded_lines": [], "functions": {"get_db": {"executed_lines": [25, 26, 27, 28, 29, 30, 31, 32], "summary": {"covered_lines": 8, "num_statements": 8, "percent_covered": 100.0, "percent_covered_display": "100", "missing_lines": 0, "excluded_lines": 0, "percent_statements_covered": 100.0, "percent_statements_covered_display": "100"}, "missing_lines": [], "excluded_lines": [], "start_line": 23}, "db_connection": {"executed_lines": [43, 44, 45, 46, 47, 52], "summary": {"covered_lines": 6, "num_statements": 9, "percent_covered": 66.66666666666667, "percent_covered_display": "67", "missing_lines": 3, "excluded_lines": 0, "percent_statements_covered": 66.66666666666667, "percent_statements_covered_display": "67"}, "missing_lines": [48, 49, 50], "excluded_lines": [], "start_line": 36}, "obtener_consecutivo": {"executed_lines": [], "summary": {"covered_lines": 0, "num_statements": 7, "percent_covered": 0.0, "percent_covered_display": "0", "missing_lines": 7, "excluded_lines": 0, "percent_statements_covered": 0.0, "percent_statements_covered_display": "0"}, "missing_lines": [57, 58, 63, 64, 65, 66, 70], "excluded_lines": [], "start_line": 55}, "registrar_log": {"executed_lines": [76, 77, 78], "summary": {"covered_lines": 3, "num_statements": 5, "percent_covered": 60.0, "percent_covered_display": "60", "missing_lines": 2, "excluded_lines": 0, "percent_statements_covered": 60.0, "percent_statements_covered_display": "60"}, "missing_lines": [82, 83], "excluded_lines": [], "start_line": 73}, "ejecutar_transaccion": {"executed_lines": [], "summary": {"covered_lines": 0, "num_statements": 4, "percent_covered": 0.0, "percent_covered_display": "0", "missing_lines": 4, "excluded_lines": 0, "percent_statements_covered": 0.0, "percent_statements_covered_display": "0"}, "missing_lines": [88, 89, 90, 91], "excluded_lines": [], "start_line": 86}, "limpiar_borradores_antiguos": {"executed_lines": [], "summary": {"covered_lines": 0, "num_statements": 3, "percent_covered": 0.0, "percent_covered_display": "0", "missing_lines": 3, "excluded_lines": 0, "percent_statements_covered": 0.0, "percent_statements_covered_display": "0"}, "missing_lines": [96, 97, 102], "excluded_lines": [], "start_line": 94}, "limpiar_por_tabla": {"executed_lines": [], "summary": {"covered_lines": 0, "num_statements": 5, "percent_covered": 0.0, "percent_covered_display": "0", "missing_lines": 5, "excluded_lines": 0, "percent_statements_covered": 0.0, "percent_statements_covered_display": "0"}, "missing_lines": [110, 111, 112, 113, 114], "excluded_lines": [], "start_line": 105}, "obtener_tablas": {"executed_lines": [], "summary": {"covered_lines": 0, "num_statements": 3, "percent_covered": 0.0, "percent_covered_display": "0", "missing_lines": 3, "excluded_lines": 0, "percent_statements_covered": 0.0, "percent_statements_covered_display": "0"}, "missing_lines": [119, 120, 123], "excluded_lines": [], "start_line": 117}, "verificar_conexion": {"executed_lines": [], "summary": {"covered_lines": 0, "num_statements": 6, "percent_covered": 0.0, "percent_covered_display": "0", "missing_lines": 6, "excluded_lines": 0, "percent_statements_covered": 0.0, "percent_statements_covered_display": "0"}, "missing_lines": [128, 129, 130, 131, 132, 133], "excluded_lines": [], "start_line": 126}, "obtener_estadisticas_bd": {"executed_lines": [], "summary": {"covered_lines": 0, "num_statements": 7, "percent_covered": 0.0, "percent_covered_display": "0", "missing_lines": 7, "excluded_lines": 0, "percent_statements_covered": 0.0, "percent_statements_covered_display": "0"}, "missing_lines": [138, 139, 140, 141, 144, 147, 148], "excluded_lines": [], "start_line": 136}, "readonly": {"executed_lines": [], "summary": {"covered_lines": 0, "num_statements": 1, "percent_covered": 0.0, "percent_covered_display": "0", "missing_lines": 1, "excluded_lines": 0, "percent_statements_covered": 0.0, "percent_statements_covered_display": "0"}, "missing_lines": [166], "excluded_lines": [], "start_line": 164}, "validar_columnas": {"executed_lines": [], "summary": {"covered_lines": 0, "num_statements": 4, "percent_covered": 0.0, "percent_covered_display": "0", "missing_lines": 4, "excluded_lines": 0, "percent_statements_covered": 0.0, "percent_statements_covered_display": "0"}, "missing_lines": [175, 176, 177, 178], "excluded_lines": [], "start_line": 169}, "": {"executed_lines": [4, 5, 6, 7, 8, 10, 13, 23, 35, 36, 55, 73, 86, 94, 105, 117, 126, 136, 161, 164, 169], "summary": {"covered_lines": 21, "num_statements": 21, "percent_covered": 100.0, "percent_covered_display": "100", "missing_lines": 0, "excluded_lines": 0, "percent_statements_covered": 100.0, "percent_statements_covered_display": "100"}, "missing_lines": [], "excluded_lines": [], "start_line": 1}}, "classes": {"": {"executed_lines": [4, 5, 6, 7, 8, 10, 13, 23, 25, 26, 27, 28, 29, 30, 31, 32, 35, 36, 43, 44, 45, 46, 47, 52, 55, 73, 76, 77, 78, 86, 94, 105, 117, 126, 136, 161, 164, 169], "summary": {"covered_lines": 38, "num_statements": 83, "percent_covered": 45.78313253012048, "percent_covered_display": "46", "missing_lines": 45, "excluded_lines": 0, "percent_statements_covered": 45.78313253012048, "percent_statements_covered_display": "46"}, "missing_lines": [48, 49, 50, 57, 58, 63, 64, 65, 66, 70, 82, 83, 88, 89, 90, 91, 96, 97, 102, 110, 111, 112, 113, 114, 119, 120, 123, 128, 129, 130, 131, 132, 133, 138, 139, 140, 141, 144, 147, 148, 166, 175, 176, 177, 178], "excluded_lines": [], "start_line": 1}}}, "core/email_manager.py": {"executed_lines": [7, 8, 9, 10, 11, 12, 13, 14, 15, 16, 18, 21, 32, 105, 145], "summary": {"covered_lines": 15, "num_statements": 79, "percent_covered": 18.9873417721519, "percent_covered_display": "19", "missing_lines": 64, "excluded_lines": 0, "percent_statements_covered": 18.9873417721519, "percent_statements_covered_display": "19"}, "missing_lines": [23, 24, 28, 29, 45, 46, 47, 48, 49, 50, 51, 53, 54, 56, 57, 58, 59, 60, 63, 66, 67, 68, 69, 70, 71, 72, 74, 76, 77, 78, 79, 80, 81, 83, 85, 86, 87, 88, 91, 92, 93, 98, 99, 100, 102, 110, 111, 112, 113, 137, 150, 151, 152, 160, 161, 163, 164, 170, 172, 182, 187, 188, 189, 191], "excluded_lines": [], "functions": {"_obtener_config_smtp": {"executed_lines": [], "summary": {"covered_lines": 0, "num_statements": 4, "percent_covered": 0.0, "percent_covered_display": "0", "missing_lines": 4, "excluded_lines": 0, "percent_statements_covered": 0.0, "percent_statements_covered_display": "0"}, "missing_lines": [23, 24, 28, 29], "excluded_lines": [], "start_line": 21}, "enviar_correo": {"executed_lines": [], "summary": {"covered_lines": 0, "num_statements": 41, "percent_covered": 0.0, "percent_covered_display": "0", "missing_lines": 41, "excluded_lines": 0, "percent_statements_covered": 0.0, "percent_statements_covered_display": "0"}, "missing_lines": [45, 46, 47, 48, 49, 50, 51, 53, 54, 56, 57, 58, 59, 60, 63, 66, 67, 68, 69, 70, 71, 72, 74, 76, 77, 78, 79, 80, 81, 83, 85, 86, 87, 88, 91, 92, 93, 98, 99, 100, 102], "excluded_lines": [], "start_line": 32}, "enviar_pueaa_car": {"executed_lines": [], "summary": {"covered_lines": 0, "num_statements": 5, "percent_covered": 0.0, "percent_covered_display": "0", "missing_lines": 5, "excluded_lines": 0, "percent_statements_covered": 0.0, "percent_statements_covered_display": "0"}, "missing_lines": [110, 111, 112, 113, 137], "excluded_lines": [], "start_line": 105}, "notificar_pqrs_estado": {"executed_lines": [], "summary": {"covered_lines": 0, "num_statements": 14, "percent_covered": 0.0, "percent_covered_display": "0", "missing_lines": 14, "excluded_lines": 0, "percent_statements_covered": 0.0, "percent_statements_covered_display": "0"}, "missing_lines": [150, 151, 152, 160, 161, 163, 164, 170, 172, 182, 187, 188, 189, 191], "excluded_lines": [], "start_line": 145}, "": {"executed_lines": [7, 8, 9, 10, 11, 12, 13, 14, 15, 16, 18, 21, 32, 105, 145], "summary": {"covered_lines": 15, "num_statements": 15, "percent_covered": 100.0, "percent_covered_display": "100", "missing_lines": 0, "excluded_lines": 0, "percent_statements_covered": 100.0, "percent_statements_covered_display": "100"}, "missing_lines": [], "excluded_lines": [], "start_line": 1}}, "classes": {"": {"executed_lines": [7, 8, 9, 10, 11, 12, 13, 14, 15, 16, 18, 21, 32, 105, 145], "summary": {"covered_lines": 15, "num_statements": 79, "percent_covered": 18.9873417721519, "percent_covered_display": "19", "missing_lines": 64, "excluded_lines": 0, "percent_statements_covered": 18.9873417721519, "percent_statements_covered_display": "19"}, "missing_lines": [23, 24, 28, 29, 45, 46, 47, 48, 49, 50, 51, 53, 54, 56, 57, 58, 59, 60, 63, 66, 67, 68, 69, 70, 71, 72, 74, 76, 77, 78, 79, 80, 81, 83, 85, 86, 87, 88, 91, 92, 93, 98, 99, 100, 102, 110, 111, 112, 113, 137, 150, 151, 152, 160, 161, 163, 164, 170, 172, 182, 187, 188, 189, 191], "excluded_lines": [], "start_line": 1}}}, "core/forensic_saneamiento.py": {"executed_lines": [5, 6, 7, 9, 12, 13, 14, 22, 23, 37, 38, 44, 45, 52, 53], "summary": {"covered_lines": 15, "num_statements": 39, "percent_covered": 38.46153846153846, "percent_covered_display": "38", "missing_lines": 24, "excluded_lines": 0, "percent_statements_covered": 38.46153846153846, "percent_statements_covered_display": "38"}, "missing_lines": [16, 17, 18, 19, 20, 25, 26, 27, 28, 29, 31, 32, 33, 34, 35, 40, 41, 42, 47, 48, 49, 50, 55, 56], "excluded_lines": [], "functions": {"SaneadorForense.normalizar_fecha_estatica": {"executed_lines": [], "summary": {"covered_lines": 0, "num_statements": 5, "percent_covered": 0.0, "percent_covered_display": "0", "missing_lines": 5, "excluded_lines": 0, "percent_statements_covered": 0.0, "percent_statements_covered_display": "0"}, "missing_lines": [16, 17, 18, 19, 20], "excluded_lines": [], "start_line": 14}, "SaneadorForense.obtener_ip_segura": {"executed_lines": [], "summary": {"covered_lines": 0, "num_statements": 10, "percent_covered": 0.0, "percent_covered_display": "0", "missing_lines": 10, "excluded_lines": 0, "percent_statements_covered": 0.0, "percent_statements_covered_display": "0"}, "missing_lines": [25, 26, 27, 28, 29, 31, 32, 33, 34, 35], "excluded_lines": [], "start_line": 23}, "SaneadorForense._ip_valida": {"executed_lines": [], "summary": {"covered_lines": 0, "num_statements": 3, "percent_covered": 0.0, "percent_covered_display": "0", "missing_lines": 3, "excluded_lines": 0, "percent_statements_covered": 0.0, "percent_statements_covered_display": "0"}, "missing_lines": [40, 41, 42], "excluded_lines": [], "start_line": 38}, "SaneadorForense.sanitizar_para_log": {"executed_lines": [], "summary": {"covered_lines": 0, "num_statements": 4, "percent_covered": 0.0, "percent_covered_display": "0", "missing_lines": 4, "excluded_lines": 0, "percent_statements_covered": 0.0, "percent_statements_covered_display": "0"}, "missing_lines": [47, 48, 49, 50], "excluded_lines": [], "start_line": 45}, "SaneadorForense.generar_id_operacion": {"executed_lines": [], "summary": {"covered_lines": 0, "num_statements": 2, "percent_covered": 0.0, "percent_covered_display": "0", "missing_lines": 2, "excluded_lines": 0, "percent_statements_covered": 0.0, "percent_statements_covered_display": "0"}, "missing_lines": [55, 56], "excluded_lines": [], "start_line": 53}, "": {"executed_lines": [5, 6, 7, 9, 12, 13, 14, 22, 23, 37, 38, 44, 45, 52, 53], "summary": {"covered_lines": 15, "num_statements": 15, "percent_covered": 100.0, "percent_covered_display": "100", "missing_lines": 0, "excluded_lines": 0, "percent_statements_covered": 100.0, "percent_statements_covered_display": "100"}, "missing_lines": [], "excluded_lines": [], "start_line": 1}}, "classes": {"SaneadorForense": {"executed_lines": [], "summary": {"covered_lines": 0, "num_statements": 24, "percent_covered": 0.0, "percent_covered_display": "0", "missing_lines": 24, "excluded_lines": 0, "percent_statements_covered": 0.0, "percent_statements_covered_display": "0"}, "missing_lines": [16, 17, 18, 19, 20, 25, 26, 27, 28, 29, 31, 32, 33, 34, 35, 40, 41, 42, 47, 48, 49, 50, 55, 56], "excluded_lines": [], "start_line": 12}, "": {"executed_lines": [5, 6, 7, 9, 12, 13, 14, 22, 23, 37, 38, 44, 45, 52, 53], "summary": {"covered_lines": 15, "num_statements": 15, "percent_covered": 100.0, "percent_covered_display": "100", "missing_lines": 0, "excluded_lines": 0, "percent_statements_covered": 100.0, "percent_statements_covered_display": "100"}, "missing_lines": [], "excluded_lines": [], "start_line": 1}}}, "core/gestor_trd.py": {"executed_lines": [5, 6, 7, 9, 11, 15, 25, 26, 63, 74, 105], "summary": {"covered_lines": 11, "num_statements": 57, "percent_covered": 19.29824561403509, "percent_covered_display": "19", "missing_lines": 46, "excluded_lines": 0, "percent_statements_covered": 19.29824561403509, "percent_statements_covered_display": "19"}, "missing_lines": [16, 17, 18, 19, 20, 21, 22, 28, 29, 30, 31, 32, 42, 43, 44, 45, 46, 47, 48, 55, 56, 57, 58, 60, 61, 65, 66, 67, 76, 77, 78, 79, 80, 81, 82, 83, 84, 89, 94, 95, 96, 97, 98, 99, 100, 102], "excluded_lines": [], "functions": {"_cargar_trd_json": {"executed_lines": [], "summary": {"covered_lines": 0, "num_statements": 7, "percent_covered": 0.0, "percent_covered_display": "0", "missing_lines": 7, "excluded_lines": 0, "percent_statements_covered": 0.0, "percent_statements_covered_display": "0"}, "missing_lines": [16, 17, 18, 19, 20, 21, 22], "excluded_lines": [], "start_line": 15}, "GestorTRD.verificar_transferencias_pendientes": {"executed_lines": [], "summary": {"covered_lines": 0, "num_statements": 18, "percent_covered": 0.0, "percent_covered_display": "0", "missing_lines": 18, "excluded_lines": 0, "percent_statements_covered": 0.0, "percent_statements_covered_display": "0"}, "missing_lines": [28, 29, 30, 31, 32, 42, 43, 44, 45, 46, 47, 48, 55, 56, 57, 58, 60, 61], "excluded_lines": [], "start_line": 26}, "GestorTRD.simular_transferencia": {"executed_lines": [], "summary": {"covered_lines": 0, "num_statements": 3, "percent_covered": 0.0, "percent_covered_display": "0", "missing_lines": 3, "excluded_lines": 0, "percent_statements_covered": 0.0, "percent_statements_covered_display": "0"}, "missing_lines": [65, 66, 67], "excluded_lines": [], "start_line": 63}, "GestorTRD.ejecutar_transferencias": {"executed_lines": [], "summary": {"covered_lines": 0, "num_statements": 18, "percent_covered": 0.0, "percent_covered_display": "0", "missing_lines": 18, "excluded_lines": 0, "percent_statements_covered": 0.0, "percent_statements_covered_display": "0"}, "missing_lines": [76, 77, 78, 79, 80, 81, 82, 83, 84, 89, 94, 95, 96, 97, 98, 99, 100, 102], "excluded_lines": [], "start_line": 74}, "": {"executed_lines": [5, 6, 7, 9, 11, 15, 25, 26, 63, 74, 105], "summary": {"covered_lines": 11, "num_statements": 11, "percent_covered": 100.0, "percent_covered_display": "100", "missing_lines": 0, "excluded_lines": 0, "percent_statements_covered": 100.0, "percent_statements_covered_display": "100"}, "missing_lines": [], "excluded_lines": [], "start_line": 1}}, "classes": {"GestorTRD": {"executed_lines": [], "summary": {"covered_lines": 0, "num_statements": 39, "percent_covered": 0.0, "percent_covered_display": "0", "missing_lines": 39, "excluded_lines": 0, "percent_statements_covered": 0.0, "percent_statements_covered_display": "0"}, "missing_lines": [28, 29, 30, 31, 32, 42, 43, 44, 45, 46, 47, 48, 55, 56, 57, 58, 60, 61, 65, 66, 67, 76, 77, 78, 79, 80, 81, 82, 83, 84, 89, 94, 95, 96, 97, 98, 99, 100, 102], "excluded_lines": [], "start_line": 25}, "": {"executed_lines": [5, 6, 7, 9, 11, 15, 25, 26, 63, 74, 105], "summary": {"covered_lines": 11, "num_statements": 18, "percent_covered": 61.111111111111114, "percent_covered_display": "61", "missing_lines": 7, "excluded_lines": 0, "percent_statements_covered": 61.111111111111114, "percent_statements_covered_display": "61"}, "missing_lines": [16, 17, 18, 19, 20, 21, 22], "excluded_lines": [], "start_line": 1}}}, "core/indicadores.py": {"executed_lines": [2, 3, 5, 8, 10, 11, 12, 15], "summary": {"covered_lines": 8, "num_statements": 26, "percent_covered": 30.76923076923077, "percent_covered_display": "31", "missing_lines": 18, "excluded_lines": 0, "percent_statements_covered": 30.76923076923077, "percent_statements_covered_display": "31"}, "missing_lines": [17, 18, 19, 20, 26, 31, 32, 34, 37, 40, 43, 45, 55, 56, 57, 58, 59, 61], "excluded_lines": [], "functions": {"calcular_ianc": {"executed_lines": [10, 11, 12], "summary": {"covered_lines": 3, "num_statements": 3, "percent_covered": 100.0, "percent_covered_display": "100", "missing_lines": 0, "excluded_lines": 0, "percent_statements_covered": 100.0, "percent_statements_covered_display": "100"}, "missing_lines": [], "excluded_lines": [], "start_line": 8}, "actualizar_indicadores_mensuales": {"executed_lines": [], "summary": {"covered_lines": 0, "num_statements": 18, "percent_covered": 0.0, "percent_covered_display": "0", "missing_lines": 18, "excluded_lines": 0, "percent_statements_covered": 0.0, "percent_statements_covered_display": "0"}, "missing_lines": [17, 18, 19, 20, 26, 31, 32, 34, 37, 40, 43, 45, 55, 56, 57, 58, 59, 61], "excluded_lines": [], "start_line": 15}, "": {"executed_lines": [2, 3, 5, 8, 15], "summary": {"covered_lines": 5, "num_statements": 5, "percent_covered": 100.0, "percent_covered_display": "100", "missing_lines": 0, "excluded_lines": 0, "percent_statements_covered": 100.0, "percent_statements_covered_display": "100"}, "missing_lines": [], "excluded_lines": [], "start_line": 1}}, "classes": {"": {"executed_lines": [2, 3, 5, 8, 10, 11, 12, 15], "summary": {"covered_lines": 8, "num_statements": 26, "percent_covered": 30.76923076923077, "percent_covered_display": "31", "missing_lines": 18, "excluded_lines": 0, "percent_statements_covered": 30.76923076923077, "percent_statements_covered_display": "31"}, "missing_lines": [17, 18, 19, 20, 26, 31, 32, 34, 37, 40, 43, 45, 55, 56, 57, 58, 59, 61], "excluded_lines": [], "start_line": 1}}}, "core/indicadores_ius.py": {"executed_lines": [7, 8, 10, 13, 19, 25, 31, 37, 43, 46, 51, 56, 61, 72, 152], "summary": {"covered_lines": 15, "num_statements": 100, "percent_covered": 15.0, "percent_covered_display": "15", "missing_lines": 85, "excluded_lines": 0, "percent_statements_covered": 15.0, "percent_statements_covered_display": "15"}, "missing_lines": [15, 16, 17, 21, 22, 23, 27, 28, 29, 33, 34, 35, 39, 40, 41, 44, 47, 48, 49, 52, 53, 54, 57, 58, 59, 62, 63, 64, 78, 79, 81, 83, 88, 89, 90, 91, 92, 95, 98, 101, 102, 103, 106, 110, 113, 114, 120, 121, 123, 124, 125, 126, 127, 128, 129, 130, 132, 133, 134, 135, 136, 137, 138, 141, 143, 144, 145, 147, 149, 157, 158, 159, 160, 161, 162, 163, 164, 165, 166, 167, 168, 170, 177, 178, 179], "excluded_lines": [], "functions": {"ianc": {"executed_lines": [], "summary": {"covered_lines": 0, "num_statements": 3, "percent_covered": 0.0, "percent_covered_display": "0", "missing_lines": 3, "excluded_lines": 0, "percent_statements_covered": 0.0, "percent_statements_covered_display": "0"}, "missing_lines": [15, 16, 17], "excluded_lines": [], "start_line": 13}, "ipaa": {"executed_lines": [], "summary": {"covered_lines": 0, "num_statements": 3, "percent_covered": 0.0, "percent_covered_display": "0", "missing_lines": 3, "excluded_lines": 0, "percent_statements_covered": 0.0, "percent_statements_covered_display": "0"}, "missing_lines": [21, 22, 23], "excluded_lines": [], "start_line": 19}, "ima": {"executed_lines": [], "summary": {"covered_lines": 0, "num_statements": 3, "percent_covered": 0.0, "percent_covered_display": "0", "missing_lines": 3, "excluded_lines": 0, "percent_statements_covered": 0.0, "percent_statements_covered_display": "0"}, "missing_lines": [27, 28, 29], "excluded_lines": [], "start_line": 25}, "eet": {"executed_lines": [], "summary": {"covered_lines": 0, "num_statements": 3, "percent_covered": 0.0, "percent_covered_display": "0", "missing_lines": 3, "excluded_lines": 0, "percent_statements_covered": 0.0, "percent_statements_covered_display": "0"}, "missing_lines": [33, 34, 35], "excluded_lines": [], "start_line": 31}, "poacg": {"executed_lines": [], "summary": {"covered_lines": 0, "num_statements": 3, "percent_covered": 0.0, "percent_covered_display": "0", "missing_lines": 3, "excluded_lines": 0, "percent_statements_covered": 0.0, "percent_statements_covered_display": "0"}, "missing_lines": [39, 40, 41], "excluded_lines": [], "start_line": 37}, "continuidad": {"executed_lines": [], "summary": {"covered_lines": 0, "num_statements": 1, "percent_covered": 0.0, "percent_covered_display": "0", "missing_lines": 1, "excluded_lines": 0, "percent_statements_covered": 0.0, "percent_statements_covered_display": "0"}, "missing_lines": [44], "excluded_lines": [], "start_line": 43}, "cobertura": {"executed_lines": [], "summary": {"covered_lines": 0, "num_statements": 3, "percent_covered": 0.0, "percent_covered_display": "0", "missing_lines": 3, "excluded_lines": 0, "percent_statements_covered": 0.0, "percent_statements_covered_display": "0"}, "missing_lines": [47, 48, 49], "excluded_lines": [], "start_line": 46}, "irac_micromedicion": {"executed_lines": [], "summary": {"covered_lines": 0, "num_statements": 3, "percent_covered": 0.0, "percent_covered_display": "0", "missing_lines": 3, "excluded_lines": 0, "percent_statements_covered": 0.0, "percent_statements_covered_display": "0"}, "missing_lines": [52, 53, 54], "excluded_lines": [], "start_line": 51}, "fallas_por_km": {"executed_lines": [], "summary": {"covered_lines": 0, "num_statements": 3, "percent_covered": 0.0, "percent_covered_display": "0", "missing_lines": 3, "excluded_lines": 0, "percent_statements_covered": 0.0, "percent_statements_covered_display": "0"}, "missing_lines": [57, 58, 59], "excluded_lines": [], "start_line": 56}, "balance_componente": {"executed_lines": [], "summary": {"covered_lines": 0, "num_statements": 3, "percent_covered": 0.0, "percent_covered_display": "0", "missing_lines": 3, "excluded_lines": 0, "percent_statements_covered": 0.0, "percent_statements_covered_display": "0"}, "missing_lines": [62, 63, 64], "excluded_lines": [], "start_line": 61}, "calcular_ius_anual": {"executed_lines": [], "summary": {"covered_lines": 0, "num_statements": 41, "percent_covered": 0.0, "percent_covered_display": "0", "missing_lines": 41, "excluded_lines": 0, "percent_statements_covered": 0.0, "percent_statements_covered_display": "0"}, "missing_lines": [78, 79, 81, 83, 88, 89, 90, 91, 92, 95, 98, 101, 102, 103, 106, 110, 113, 114, 120, 121, 123, 124, 125, 126, 127, 128, 129, 130, 132, 133, 134, 135, 136, 137, 138, 141, 143, 144, 145, 147, 149], "excluded_lines": [], "start_line": 72}, "calcular_ius_compuesto": {"executed_lines": [], "summary": {"covered_lines": 0, "num_statements": 16, "percent_covered": 0.0, "percent_covered_display": "0", "missing_lines": 16, "excluded_lines": 0, "percent_statements_covered": 0.0, "percent_statements_covered_display": "0"}, "missing_lines": [157, 158, 159, 160, 161, 162, 163, 164, 165, 166, 167, 168, 170, 177, 178, 179], "excluded_lines": [], "start_line": 152}, "": {"executed_lines": [7, 8, 10, 13, 19, 25, 31, 37, 43, 46, 51, 56, 61, 72, 152], "summary": {"covered_lines": 15, "num_statements": 15, "percent_covered": 100.0, "percent_covered_display": "100", "missing_lines": 0, "excluded_lines": 0, "percent_statements_covered": 100.0, "percent_statements_covered_display": "100"}, "missing_lines": [], "excluded_lines": [], "start_line": 1}}, "classes": {"": {"executed_lines": [7, 8, 10, 13, 19, 25, 31, 37, 43, 46, 51, 56, 61, 72, 152], "summary": {"covered_lines": 15, "num_statements": 100, "percent_covered": 15.0, "percent_covered_display": "15", "missing_lines": 85, "excluded_lines": 0, "percent_statements_covered": 15.0, "percent_statements_covered_display": "15"}, "missing_lines": [15, 16, 17, 21, 22, 23, 27, 28, 29, 33, 34, 35, 39, 40, 41, 44, 47, 48, 49, 52, 53, 54, 57, 58, 59, 62, 63, 64, 78, 79, 81, 83, 88, 89, 90, 91, 92, 95, 98, 101, 102, 103, 106, 110, 113, 114, 120, 121, 123, 124, 125, 126, 127, 128, 129, 130, 132, 133, 134, 135, 136, 137, 138, 141, 143, 144, 145, 147, 149, 157, 158, 159, 160, 161, 162, 163, 164, 165, 166, 167, 168, 170, 177, 178, 179], "excluded_lines": [], "start_line": 1}}}, "core/logger.py": {"executed_lines": [2, 3, 4, 5, 7, 8, 9, 10, 11, 12, 13, 14, 15, 16, 17, 18, 19, 20, 22], "summary": {"covered_lines": 19, "num_statements": 19, "percent_covered": 100.0, "percent_covered_display": "100", "missing_lines": 0, "excluded_lines": 0, "percent_statements_covered": 100.0, "percent_statements_covered_display": "100"}, "missing_lines": [], "excluded_lines": [], "functions": {"configurar_logger": {"executed_lines": [8, 9, 10, 11, 12, 13, 14, 15, 16, 17, 18, 19, 20], "summary": {"covered_lines": 13, "num_statements": 13, "percent_covered": 100.0, "percent_covered_display": "100", "missing_lines": 0, "excluded_lines": 0, "percent_statements_covered": 100.0, "percent_statements_covered_display": "100"}, "missing_lines": [], "excluded_lines": [], "start_line": 7}, "": {"executed_lines": [2, 3, 4, 5, 7, 22], "summary": {"covered_lines": 6, "num_statements": 6, "percent_covered": 100.0, "percent_covered_display": "100", "missing_lines": 0, "excluded_lines": 0, "percent_statements_covered": 100.0, "percent_statements_covered_display": "100"}, "missing_lines": [], "excluded_lines": [], "start_line": 1}}, "classes": {"": {"executed_lines": [2, 3, 4, 5, 7, 8, 9, 10, 11, 12, 13, 14, 15, 16, 17, 18, 19, 20, 22], "summary": {"covered_lines": 19, "num_statements": 19, "percent_covered": 100.0, "percent_covered_display": "100", "missing_lines": 0, "excluded_lines": 0, "percent_statements_covered": 100.0, "percent_statements_covered_display": "100"}, "missing_lines": [], "excluded_lines": [], "start_line": 1}}}, "core/logo_manager.py": {"executed_lines": [], "summary": {"covered_lines": 0, "num_statements": 139, "percent_covered": 0.0, "percent_covered_display": "0", "missing_lines": 139, "excluded_lines": 0, "percent_statements_covered": 0.0, "percent_statements_covered_display": "0"}, "missing_lines": [12, 13, 15, 16, 19, 21, 22, 23, 25, 26, 27, 28, 29, 31, 32, 33, 35, 36, 37, 38, 39, 42, 44, 45, 46, 56, 57, 59, 60, 61, 62, 64, 84, 99, 100, 101, 102, 103, 105, 106, 107, 110, 115, 116, 117, 156, 158, 159, 165, 172, 173, 174, 175, 176, 178, 179, 180, 183, 184, 185, 188, 189, 191, 192, 193, 194, 195, 196, 197, 200, 201, 202, 208, 209, 210, 211, 212, 213, 214, 215, 216, 217, 218, 219, 221, 224, 225, 226, 229, 231, 234, 235, 236, 239, 240, 243, 250, 251, 252, 253, 254, 256, 257, 258, 259, 260, 262, 263, 264, 266, 268, 272, 279, 280, 281, 283, 284, 285, 286, 287, 288, 290, 291, 293, 295, 297, 301, 302, 305, 306, 309, 311, 313, 316, 317, 319, 320, 326, 327], "excluded_lines": [], "functions": {"guardar_logo": {"executed_lines": [], "summary": {"covered_lines": 0, "num_statements": 16, "percent_covered": 0.0, "percent_covered_display": "0", "missing_lines": 16, "excluded_lines": 0, "percent_statements_covered": 0.0, "percent_statements_covered_display": "0"}, "missing_lines": [21, 22, 23, 25, 26, 27, 28, 29, 31, 32, 33, 35, 36, 37, 38, 39], "excluded_lines": [], "start_line": 19}, "obtener_logo": {"executed_lines": [], "summary": {"covered_lines": 0, "num_statements": 10, "percent_covered": 0.0, "percent_covered_display": "0", "missing_lines": 10, "excluded_lines": 0, "percent_statements_covered": 0.0, "percent_statements_covered_display": "0"}, "missing_lines": [44, 45, 46, 56, 57, 59, 60, 61, 62, 64], "excluded_lines": [], "start_line": 42}, "membrete_html": {"executed_lines": [], "summary": {"covered_lines": 0, "num_statements": 12, "percent_covered": 0.0, "percent_covered_display": "0", "missing_lines": 12, "excluded_lines": 0, "percent_statements_covered": 0.0, "percent_statements_covered_display": "0"}, "missing_lines": [99, 100, 101, 102, 103, 105, 106, 107, 110, 115, 116, 117], "excluded_lines": [], "start_line": 84}, "pie_pagina_html": {"executed_lines": [], "summary": {"covered_lines": 0, "num_statements": 2, "percent_covered": 0.0, "percent_covered_display": "0", "missing_lines": 2, "excluded_lines": 0, "percent_statements_covered": 0.0, "percent_statements_covered_display": "0"}, "missing_lines": [158, 159], "excluded_lines": [], "start_line": 156}, "membrete_docx": {"executed_lines": [], "summary": {"covered_lines": 0, "num_statements": 40, "percent_covered": 0.0, "percent_covered_display": "0", "missing_lines": 40, "excluded_lines": 0, "percent_statements_covered": 0.0, "percent_statements_covered_display": "0"}, "missing_lines": [172, 173, 174, 175, 176, 178, 179, 180, 183, 184, 185, 188, 189, 191, 200, 201, 202, 208, 209, 210, 211, 212, 213, 214, 215, 216, 217, 218, 219, 221, 224, 225, 226, 229, 231, 234, 235, 236, 239, 240], "excluded_lines": [], "start_line": 165}, "membrete_docx._set_cell": {"executed_lines": [], "summary": {"covered_lines": 0, "num_statements": 6, "percent_covered": 0.0, "percent_covered_display": "0", "missing_lines": 6, "excluded_lines": 0, "percent_statements_covered": 0.0, "percent_statements_covered_display": "0"}, "missing_lines": [192, 193, 194, 195, 196, 197], "excluded_lines": [], "start_line": 191}, "membrete_pdf": {"executed_lines": [], "summary": {"covered_lines": 0, "num_statements": 43, "percent_covered": 0.0, "percent_covered_display": "0", "missing_lines": 43, "excluded_lines": 0, "percent_statements_covered": 0.0, "percent_statements_covered_display": "0"}, "missing_lines": [250, 251, 252, 253, 254, 256, 257, 258, 259, 260, 262, 263, 264, 266, 268, 272, 279, 280, 281, 283, 284, 285, 286, 287, 288, 290, 291, 293, 295, 297, 301, 302, 305, 306, 309, 311, 313, 316, 317, 319, 320, 326, 327], "excluded_lines": [], "start_line": 243}, "": {"executed_lines": [], "summary": {"covered_lines": 0, "num_statements": 10, "percent_covered": 0.0, "percent_covered_display": "0", "missing_lines": 10, "excluded_lines": 0, "percent_statements_covered": 0.0, "percent_statements_covered_display": "0"}, "missing_lines": [12, 13, 15, 16, 19, 42, 84, 156, 165, 243], "excluded_lines": [], "start_line": 1}}, "classes": {"": {"executed_lines": [], "summary": {"covered_lines": 0, "num_statements": 139, "percent_covered": 0.0, "percent_covered_display": "0", "missing_lines": 139, "excluded_lines": 0, "percent_statements_covered": 0.0, "percent_statements_covered_display": "0"}, "missing_lines": [12, 13, 15, 16, 19, 21, 22, 23, 25, 26, 27, 28, 29, 31, 32, 33, 35, 36, 37, 38, 39, 42, 44, 45, 46, 56, 57, 59, 60, 61, 62, 64, 84, 99, 100, 101, 102, 103, 105, 106, 107, 110, 115, 116, 117, 156, 158, 159, 165, 172, 173, 174, 175, 176, 178, 179, 180, 183, 184, 185, 188, 189, 191, 192, 193, 194, 195, 196, 197, 200, 201, 202, 208, 209, 210, 211, 212, 213, 214, 215, 216, 217, 218, 219, 221, 224, 225, 226, 229, 231, 234, 235, 236, 239, 240, 243, 250, 251, 252, 253, 254, 256, 257, 258, 259, 260, 262, 263, 264, 266, 268, 272, 279, 280, 281, 283, 284, 285, 286, 287, 288, 290, 291, 293, 295, 297, 301, 302, 305, 306, 309, 311, 313, 316, 317, 319, 320, 326, 327], "excluded_lines": [], "start_line": 1}}}, "core/multi_hash.py": {"executed_lines": [], "summary": {"covered_lines": 0, "num_statements": 41, "percent_covered": 0.0, "percent_covered_display": "0", "missing_lines": 41, "excluded_lines": 0, "percent_statements_covered": 0.0, "percent_statements_covered_display": "0"}, "missing_lines": [8, 9, 10, 13, 16, 18, 19, 24, 25, 26, 32, 33, 39, 40, 41, 42, 47, 48, 50, 51, 53, 54, 59, 60, 61, 62, 63, 64, 65, 66, 69, 72, 73, 74, 76, 77, 78, 80, 81, 82, 83], "excluded_lines": [], "functions": {"MultiHash.generate": {"executed_lines": [], "summary": {"covered_lines": 0, "num_statements": 3, "percent_covered": 0.0, "percent_covered_display": "0", "missing_lines": 3, "excluded_lines": 0, "percent_statements_covered": 0.0, "percent_statements_covered_display": "0"}, "missing_lines": [24, 25, 26], "excluded_lines": [], "start_line": 19}, "MultiHash.verify": {"executed_lines": [], "summary": {"covered_lines": 0, "num_statements": 4, "percent_covered": 0.0, "percent_covered_display": "0", "missing_lines": 4, "excluded_lines": 0, "percent_statements_covered": 0.0, "percent_statements_covered_display": "0"}, "missing_lines": [39, 40, 41, 42], "excluded_lines": [], "start_line": 33}, "MultiHash.is_fully_valid": {"executed_lines": [], "summary": {"covered_lines": 0, "num_statements": 2, "percent_covered": 0.0, "percent_covered_display": "0", "missing_lines": 2, "excluded_lines": 0, "percent_statements_covered": 0.0, "percent_statements_covered_display": "0"}, "missing_lines": [50, 51], "excluded_lines": [], "start_line": 48}, "MultiHash.consensus": {"executed_lines": [], "summary": {"covered_lines": 0, "num_statements": 8, "percent_covered": 0.0, "percent_covered_display": "0", "missing_lines": 8, "excluded_lines": 0, "percent_statements_covered": 0.0, "percent_statements_covered_display": "0"}, "missing_lines": [59, 60, 61, 62, 63, 64, 65, 66], "excluded_lines": [], "start_line": 54}, "DocumentMultiHash.from_file_bytes": {"executed_lines": [], "summary": {"covered_lines": 0, "num_statements": 1, "percent_covered": 0.0, "percent_covered_display": "0", "missing_lines": 1, "excluded_lines": 0, "percent_statements_covered": 0.0, "percent_statements_covered_display": "0"}, "missing_lines": [74], "excluded_lines": [], "start_line": 73}, "DocumentMultiHash.from_text": {"executed_lines": [], "summary": {"covered_lines": 0, "num_statements": 1, "percent_covered": 0.0, "percent_covered_display": "0", "missing_lines": 1, "excluded_lines": 0, "percent_statements_covered": 0.0, "percent_statements_covered_display": "0"}, "missing_lines": [78], "excluded_lines": [], "start_line": 77}, "DocumentMultiHash.verify_document": {"executed_lines": [], "summary": {"covered_lines": 0, "num_statements": 2, "percent_covered": 0.0, "percent_covered_display": "0", "missing_lines": 2, "excluded_lines": 0, "percent_statements_covered": 0.0, "percent_statements_covered_display": "0"}, "missing_lines": [82, 83], "excluded_lines": [], "start_line": 81}, "": {"executed_lines": [], "summary": {"covered_lines": 0, "num_statements": 20, "percent_covered": 0.0, "percent_covered_display": "0", "missing_lines": 20, "excluded_lines": 0, "percent_statements_covered": 0.0, "percent_statements_covered_display": "0"}, "missing_lines": [8, 9, 10, 13, 16, 18, 19, 32, 33, 47, 48, 53, 54, 69, 72, 73, 76, 77, 80, 81], "excluded_lines": [], "start_line": 1}}, "classes": {"MultiHash": {"executed_lines": [], "summary": {"covered_lines": 0, "num_statements": 17, "percent_covered": 0.0, "percent_covered_display": "0", "missing_lines": 17, "excluded_lines": 0, "percent_statements_covered": 0.0, "percent_statements_covered_display": "0"}, "missing_lines": [24, 25, 26, 39, 40, 41, 42, 50, 51, 59, 60, 61, 62, 63, 64, 65, 66], "excluded_lines": [], "start_line": 13}, "DocumentMultiHash": {"executed_lines": [], "summary": {"covered_lines": 0, "num_statements": 4, "percent_covered": 0.0, "percent_covered_display": "0", "missing_lines": 4, "excluded_lines": 0, "percent_statements_covered": 0.0, "percent_statements_covered_display": "0"}, "missing_lines": [74, 78, 82, 83], "excluded_lines": [], "start_line": 69}, "": {"executed_lines": [], "summary": {"covered_lines": 0, "num_statements": 20, "percent_covered": 0.0, "percent_covered_display": "0", "missing_lines": 20, "excluded_lines": 0, "percent_statements_covered": 0.0, "percent_statements_covered_display": "0"}, "missing_lines": [8, 9, 10, 13, 16, 18, 19, 32, 33, 47, 48, 53, 54, 69, 72, 73, 76, 77, 80, 81], "excluded_lines": [], "start_line": 1}}}, "core/otp_manager.py": {"executed_lines": [4, 5, 6, 7, 8, 9, 10, 11, 13, 15, 18, 20, 23, 42, 45, 48, 57, 130, 209], "summary": {"covered_lines": 19, "num_statements": 107, "percent_covered": 17.757009345794394, "percent_covered_display": "18", "missing_lines": 88, "excluded_lines": 0, "percent_statements_covered": 17.757009345794394, "percent_statements_covered_display": "18"}, "missing_lines": [28, 29, 30, 31, 33, 34, 35, 36, 37, 38, 39, 46, 49, 50, 51, 52, 53, 54, 55, 59, 60, 62, 66, 67, 70, 74, 75, 77, 78, 81, 86, 91, 93, 101, 103, 104, 108, 109, 111, 112, 113, 121, 123, 124, 125, 126, 128, 132, 133, 134, 141, 142, 144, 145, 146, 147, 150, 154, 155, 156, 157, 158, 162, 165, 166, 170, 171, 175, 177, 183, 184, 185, 186, 191, 192, 193, 200, 202, 203, 204, 205, 207, 211, 215, 216, 217, 221, 225], "excluded_lines": [], "functions": {"generar_codigo_otp": {"executed_lines": [20], "summary": {"covered_lines": 1, "num_statements": 1, "percent_covered": 100.0, "percent_covered_display": "100", "missing_lines": 0, "excluded_lines": 0, "percent_statements_covered": 100.0, "percent_statements_covered_display": "100"}, "missing_lines": [], "excluded_lines": [], "start_line": 18}, "enviar_whatsapp": {"executed_lines": [], "summary": {"covered_lines": 0, "num_statements": 11, "percent_covered": 0.0, "percent_covered_display": "0", "missing_lines": 11, "excluded_lines": 0, "percent_statements_covered": 0.0, "percent_statements_covered_display": "0"}, "missing_lines": [28, 29, 30, 31, 33, 34, 35, 36, 37, 38, 39], "excluded_lines": [], "start_line": 23}, "OTPManager.__init__": {"executed_lines": [], "summary": {"covered_lines": 0, "num_statements": 1, "percent_covered": 0.0, "percent_covered_display": "0", "missing_lines": 1, "excluded_lines": 0, "percent_statements_covered": 0.0, "percent_statements_covered_display": "0"}, "missing_lines": [46], "excluded_lines": [], "start_line": 45}, "OTPManager._obtener_api_key": {"executed_lines": [], "summary": {"covered_lines": 0, "num_statements": 7, "percent_covered": 0.0, "percent_covered_display": "0", "missing_lines": 7, "excluded_lines": 0, "percent_statements_covered": 0.0, "percent_statements_covered_display": "0"}, "missing_lines": [49, 50, 51, 52, 53, 54, 55], "excluded_lines": [], "start_line": 48}, "OTPManager.iniciar_autorizacion": {"executed_lines": [], "summary": {"covered_lines": 0, "num_statements": 28, "percent_covered": 0.0, "percent_covered_display": "0", "missing_lines": 28, "excluded_lines": 0, "percent_statements_covered": 0.0, "percent_statements_covered_display": "0"}, "missing_lines": [59, 60, 62, 66, 67, 70, 74, 75, 77, 78, 81, 86, 91, 93, 101, 103, 104, 108, 109, 111, 112, 113, 121, 123, 124, 125, 126, 128], "excluded_lines": [], "start_line": 57}, "OTPManager.verificar_otp": {"executed_lines": [], "summary": {"covered_lines": 0, "num_statements": 35, "percent_covered": 0.0, "percent_covered_display": "0", "missing_lines": 35, "excluded_lines": 0, "percent_statements_covered": 0.0, "percent_statements_covered_display": "0"}, "missing_lines": [132, 133, 134, 141, 142, 144, 145, 146, 147, 150, 154, 155, 156, 157, 158, 162, 165, 166, 170, 171, 175, 177, 183, 184, 185, 186, 191, 192, 193, 200, 202, 203, 204, 205, 207], "excluded_lines": [], "start_line": 130}, "OTPManager._verificar_aprobacion_completa": {"executed_lines": [], "summary": {"covered_lines": 0, "num_statements": 6, "percent_covered": 0.0, "percent_covered_display": "0", "missing_lines": 6, "excluded_lines": 0, "percent_statements_covered": 0.0, "percent_statements_covered_display": "0"}, "missing_lines": [211, 215, 216, 217, 221, 225], "excluded_lines": [], "start_line": 209}, "": {"executed_lines": [4, 5, 6, 7, 8, 9, 10, 11, 13, 15, 18, 23, 42, 45, 48, 57, 130, 209], "summary": {"covered_lines": 18, "num_statements": 18, "percent_covered": 100.0, "percent_covered_display": "100", "missing_lines": 0, "excluded_lines": 0, "percent_statements_covered": 100.0, "percent_statements_covered_display": "100"}, "missing_lines": [], "excluded_lines": [], "start_line": 1}}, "classes": {"OTPManager": {"executed_lines": [], "summary": {"covered_lines": 0, "num_statements": 77, "percent_covered": 0.0, "percent_covered_display": "0", "missing_lines": 77, "excluded_lines": 0, "percent_statements_covered": 0.0, "percent_statements_covered_display": "0"}, "missing_lines": [46, 49, 50, 51, 52, 53, 54, 55, 59, 60, 62, 66, 67, 70, 74, 75, 77, 78, 81, 86, 91, 93, 101, 103, 104, 108, 109, 111, 112, 113, 121, 123, 124, 125, 126, 128, 132, 133, 134, 141, 142, 144, 145, 146, 147, 150, 154, 155, 156, 157, 158, 162, 165, 166, 170, 171, 175, 177, 183, 184, 185, 186, 191, 192, 193, 200, 202, 203, 204, 205, 207, 211, 215, 216, 217, 221, 225], "excluded_lines": [], "start_line": 42}, "": {"executed_lines": [4, 5, 6, 7, 8, 9, 10, 11, 13, 15, 18, 20, 23, 42, 45, 48, 57, 130, 209], "summary": {"covered_lines": 19, "num_statements": 30, "percent_covered": 63.333333333333336, "percent_covered_display": "63", "missing_lines": 11, "excluded_lines": 0, "percent_statements_covered": 63.333333333333336, "percent_statements_covered_display": "63"}, "missing_lines": [28, 29, 30, 31, 33, 34, 35, 36, 37, 38, 39], "excluded_lines": [], "start_line": 1}}}, "core/pdf_profesional.py": {"executed_lines": [13, 14, 15, 16, 17, 18, 19, 20, 21, 25, 26, 27, 28, 29, 30, 31, 33, 36, 37, 38, 39, 40, 41, 43, 44, 45, 46, 47, 50, 57, 68, 70, 74, 78, 86, 102, 167, 291], "summary": {"covered_lines": 38, "num_statements": 195, "percent_covered": 19.487179487179485, "percent_covered_display": "19", "missing_lines": 157, "excluded_lines": 0, "percent_statements_covered": 19.487179487179485, "percent_statements_covered_display": "19"}, "missing_lines": [51, 52, 53, 54, 59, 60, 61, 62, 63, 64, 65, 71, 72, 75, 76, 79, 80, 81, 82, 83, 84, 87, 88, 89, 90, 91, 92, 93, 94, 96, 97, 98, 99, 106, 107, 109, 110, 111, 112, 114, 116, 118, 122, 129, 130, 131, 132, 135, 136, 139, 141, 144, 149, 150, 152, 153, 154, 163, 164, 173, 174, 175, 181, 182, 184, 189, 197, 199, 200, 203, 204, 207, 209, 212, 215, 218, 225, 226, 229, 230, 231, 232, 233, 235, 238, 239, 240, 242, 243, 252, 253, 254, 258, 259, 263, 266, 267, 270, 272, 273, 276, 277, 279, 281, 282, 284, 285, 286, 288, 296, 297, 298, 305, 306, 308, 314, 315, 316, 318, 320, 321, 326, 328, 330, 333, 334, 335, 336, 337, 343, 344, 346, 348, 359, 360, 362, 366, 367, 368, 370, 371, 372, 376, 377, 378, 380, 381, 382, 383, 386, 387, 388, 389, 391, 392, 393, 395], "excluded_lines": [], "functions": {"_html_plain": {"executed_lines": [], "summary": {"covered_lines": 0, "num_statements": 4, "percent_covered": 0.0, "percent_covered_display": "0", "missing_lines": 4, "excluded_lines": 0, "percent_statements_covered": 0.0, "percent_statements_covered_display": "0"}, "missing_lines": [51, 52, 53, 54], "excluded_lines": [], "start_line": 50}, "_obtener_cfg": {"executed_lines": [], "summary": {"covered_lines": 0, "num_statements": 7, "percent_covered": 0.0, "percent_covered_display": "0", "missing_lines": 7, "excluded_lines": 0, "percent_statements_covered": 0.0, "percent_statements_covered_display": "0"}, "missing_lines": [59, 60, 61, 62, 63, 64, 65], "excluded_lines": [], "start_line": 57}, "NumPaginasCanvas.__init__": {"executed_lines": [], "summary": {"covered_lines": 0, "num_statements": 2, "percent_covered": 0.0, "percent_covered_display": "0", "missing_lines": 2, "excluded_lines": 0, "percent_statements_covered": 0.0, "percent_statements_covered_display": "0"}, "missing_lines": [71, 72], "excluded_lines": [], "start_line": 70}, "NumPaginasCanvas.showPage": {"executed_lines": [], "summary": {"covered_lines": 0, "num_statements": 2, "percent_covered": 0.0, "percent_covered_display": "0", "missing_lines": 2, "excluded_lines": 0, "percent_statements_covered": 0.0, "percent_statements_covered_display": "0"}, "missing_lines": [75, 76], "excluded_lines": [], "start_line": 74}, "NumPaginasCanvas.save": {"executed_lines": [], "summary": {"covered_lines": 0, "num_statements": 6, "percent_covered": 0.0, "percent_covered_display": "0", "missing_lines": 6, "excluded_lines": 0, "percent_statements_covered": 0.0, "percent_statements_covered_display": "0"}, "missing_lines": [79, 80, 81, 82, 83, 84], "excluded_lines": [], "start_line": 78}, "NumPaginasCanvas._draw_pie": {"executed_lines": [], "summary": {"covered_lines": 0, "num_statements": 12, "percent_covered": 0.0, "percent_covered_display": "0", "missing_lines": 12, "excluded_lines": 0, "percent_statements_covered": 0.0, "percent_statements_covered_display": "0"}, "missing_lines": [87, 88, 89, 90, 91, 92, 93, 94, 96, 97, 98, 99], "excluded_lines": [], "start_line": 86}, "_membrete": {"executed_lines": [], "summary": {"covered_lines": 0, "num_statements": 26, "percent_covered": 0.0, "percent_covered_display": "0", "missing_lines": 26, "excluded_lines": 0, "percent_statements_covered": 0.0, "percent_statements_covered_display": "0"}, "missing_lines": [106, 107, 109, 110, 111, 112, 114, 116, 118, 122, 129, 130, 131, 132, 135, 136, 139, 141, 144, 149, 150, 152, 153, 154, 163, 164], "excluded_lines": [], "start_line": 102}, "generar_pdf_documento": {"executed_lines": [], "summary": {"covered_lines": 0, "num_statements": 50, "percent_covered": 0.0, "percent_covered_display": "0", "missing_lines": 50, "excluded_lines": 0, "percent_statements_covered": 0.0, "percent_statements_covered_display": "0"}, "missing_lines": [173, 174, 175, 181, 182, 184, 189, 197, 199, 200, 203, 204, 207, 209, 212, 215, 218, 225, 226, 229, 230, 231, 232, 233, 235, 238, 239, 240, 242, 243, 252, 253, 254, 258, 259, 263, 266, 267, 270, 272, 273, 276, 277, 279, 281, 282, 284, 285, 286, 288], "excluded_lines": [], "start_line": 167}, "generar_acta_entrega_materiales": {"executed_lines": [], "summary": {"covered_lines": 0, "num_statements": 48, "percent_covered": 0.0, "percent_covered_display": "0", "missing_lines": 48, "excluded_lines": 0, "percent_statements_covered": 0.0, "percent_statements_covered_display": "0"}, "missing_lines": [296, 297, 298, 305, 306, 308, 314, 315, 316, 318, 320, 321, 326, 328, 330, 333, 334, 335, 336, 337, 343, 344, 346, 348, 359, 360, 362, 366, 367, 368, 370, 371, 372, 376, 377, 378, 380, 381, 382, 383, 386, 387, 388, 389, 391, 392, 393, 395], "excluded_lines": [], "start_line": 291}, "": {"executed_lines": [13, 14, 15, 16, 17, 18, 19, 20, 21, 25, 26, 27, 28, 29, 30, 31, 33, 36, 37, 38, 39, 40, 41, 43, 44, 45, 46, 47, 50, 57, 68, 70, 74, 78, 86, 102, 167, 291], "summary": {"covered_lines": 38, "num_statements": 38, "percent_covered": 100.0, "percent_covered_display": "100", "missing_lines": 0, "excluded_lines": 0, "percent_statements_covered": 100.0, "percent_statements_covered_display": "100"}, "missing_lines": [], "excluded_lines": [], "start_line": 1}}, "classes": {"NumPaginasCanvas": {"executed_lines": [], "summary": {"covered_lines": 0, "num_statements": 22, "percent_covered": 0.0, "percent_covered_display": "0", "missing_lines": 22, "excluded_lines": 0, "percent_statements_covered": 0.0, "percent_statements_covered_display": "0"}, "missing_lines": [71, 72, 75, 76, 79, 80, 81, 82, 83, 84, 87, 88, 89, 90, 91, 92, 93, 94, 96, 97, 98, 99], "excluded_lines": [], "start_line": 68}, "": {"executed_lines": [13, 14, 15, 16, 17, 18, 19, 20, 21, 25, 26, 27, 28, 29, 30, 31, 33, 36, 37, 38, 39, 40, 41, 43, 44, 45, 46, 47, 50, 57, 68, 70, 74, 78, 86, 102, 167, 291], "summary": {"covered_lines": 38, "num_statements": 173, "percent_covered": 21.965317919075144, "percent_covered_display": "22", "missing_lines": 135, "excluded_lines": 0, "percent_statements_covered": 21.965317919075144, "percent_statements_covered_display": "22"}, "missing_lines": [51, 52, 53, 54, 59, 60, 61, 62, 63, 64, 65, 106, 107, 109, 110, 111, 112, 114, 116, 118, 122, 129, 130, 131, 132, 135, 136, 139, 141, 144, 149, 150, 152, 153, 154, 163, 164, 173, 174, 175, 181, 182, 184, 189, 197, 199, 200, 203, 204, 207, 209, 212, 215, 218, 225, 226, 229, 230, 231, 232, 233, 235, 238, 239, 240, 242, 243, 252, 253, 254, 258, 259, 263, 266, 267, 270, 272, 273, 276, 277, 279, 281, 282, 284, 285, 286, 288, 296, 297, 298, 305, 306, 308, 314, 315, 316, 318, 320, 321, 326, 328, 330, 333, 334, 335, 336, 337, 343, 344, 346, 348, 359, 360, 362, 366, 367, 368, 370, 371, 372, 376, 377, 378, 380, 381, 382, 383, 386, 387, 388, 389, 391, 392, 393, 395], "excluded_lines": [], "start_line": 1}}}, "core/reportes_excel.py": {"executed_lines": [], "summary": {"covered_lines": 0, "num_statements": 82, "percent_covered": 0.0, "percent_covered_display": "0", "missing_lines": 82, "excluded_lines": 0, "percent_statements_covered": 0.0, "percent_statements_covered_display": "0"}, "missing_lines": [6, 7, 8, 9, 10, 11, 13, 14, 17, 18, 19, 21, 22, 23, 24, 25, 32, 33, 34, 35, 37, 38, 40, 41, 42, 43, 46, 47, 48, 49, 50, 51, 52, 53, 55, 62, 64, 65, 73, 74, 75, 76, 81, 82, 83, 84, 85, 86, 87, 89, 90, 93, 94, 95, 96, 97, 98, 106, 107, 109, 110, 111, 112, 113, 114, 115, 116, 119, 120, 121, 122, 132, 133, 135, 136, 137, 138, 139, 140, 141, 143, 144], "excluded_lines": [], "functions": {"ReporteExcelManager.__init__": {"executed_lines": [], "summary": {"covered_lines": 0, "num_statements": 6, "percent_covered": 0.0, "percent_covered_display": "0", "missing_lines": 6, "excluded_lines": 0, "percent_statements_covered": 0.0, "percent_statements_covered_display": "0"}, "missing_lines": [19, 21, 22, 23, 24, 25], "excluded_lines": [], "start_line": 18}, "ReporteExcelManager._autoajuste": {"executed_lines": [], "summary": {"covered_lines": 0, "num_statements": 3, "percent_covered": 0.0, "percent_covered_display": "0", "missing_lines": 3, "excluded_lines": 0, "percent_statements_covered": 0.0, "percent_statements_covered_display": "0"}, "missing_lines": [33, 34, 35], "excluded_lines": [], "start_line": 32}, "ReporteExcelManager.generar_reporte_trimestral": {"executed_lines": [], "summary": {"covered_lines": 0, "num_statements": 61, "percent_covered": 0.0, "percent_covered_display": "0", "missing_lines": 61, "excluded_lines": 0, "percent_statements_covered": 0.0, "percent_statements_covered_display": "0"}, "missing_lines": [38, 40, 41, 42, 43, 46, 47, 48, 49, 50, 51, 52, 53, 55, 62, 64, 65, 73, 74, 75, 76, 81, 82, 83, 84, 85, 86, 87, 89, 90, 93, 94, 95, 96, 97, 98, 106, 107, 109, 110, 111, 112, 113, 114, 115, 116, 119, 120, 121, 122, 132, 133, 135, 136, 137, 138, 139, 140, 141, 143, 144], "excluded_lines": [], "start_line": 37}, "": {"executed_lines": [], "summary": {"covered_lines": 0, "num_statements": 12, "percent_covered": 0.0, "percent_covered_display": "0", "missing_lines": 12, "excluded_lines": 0, "percent_statements_covered": 0.0, "percent_statements_covered_display": "0"}, "missing_lines": [6, 7, 8, 9, 10, 11, 13, 14, 17, 18, 32, 37], "excluded_lines": [], "start_line": 1}}, "classes": {"ReporteExcelManager": {"executed_lines": [], "summary": {"covered_lines": 0, "num_statements": 70, "percent_covered": 0.0, "percent_covered_display": "0", "missing_lines": 70, "excluded_lines": 0, "percent_statements_covered": 0.0, "percent_statements_covered_display": "0"}, "missing_lines": [19, 21, 22, 23, 24, 25, 33, 34, 35, 38, 40, 41, 42, 43, 46, 47, 48, 49, 50, 51, 52, 53, 55, 62, 64, 65, 73, 74, 75, 76, 81, 82, 83, 84, 85, 86, 87, 89, 90, 93, 94, 95, 96, 97, 98, 106, 107, 109, 110, 111, 112, 113, 114, 115, 116, 119, 120, 121, 122, 132, 133, 135, 136, 137, 138, 139, 140, 141, 143, 144], "excluded_lines": [], "start_line": 17}, "": {"executed_lines": [], "summary": {"covered_lines": 0, "num_statements": 12, "percent_covered": 0.0, "percent_covered_display": "0", "missing_lines": 12, "excluded_lines": 0, 
[...]
69, 70, 71, 72, 73, 74, 77, 78, 79, 80, 81, 82, 83, 84, 85, 86, 87, 88, 89, 90, 91, 92, 93, 94, 97, 98, 99, 100, 101, 102, 103, 104, 105, 108, 109, 110, 112, 113, 114, 115, 116, 117, 118, 119, 120, 121, 122, 124, 125, 126, 127, 128, 129, 131, 134, 135, 136, 138, 139, 140, 141, 142, 143, 144, 145, 146, 147, 148, 149, 150, 151, 152, 153, 154, 156, 157, 158, 161], "excluded_lines": [], "start_line": 26}, "": {"executed_lines": [4, 5, 6, 8, 10, 26, 27, 37, 40, 76, 96, 107, 133, 160, 164], "summary": {"covered_lines": 15, "num_statements": 15, "percent_covered": 100.0, "percent_covered_display": "100", "missing_lines": 0, "excluded_lines": 0, "percent_statements_covered": 100.0, "percent_statements_covered_display": "100"}, "missing_lines": [], "excluded_lines": [], "start_line": 1}}}, "utils/helpers.py": {"executed_lines": [2, 3, 5, 6, 7, 8, 9, 10, 13, 19, 20, 21, 22, 24, 27], "summary": {"covered_lines": 15, "num_statements": 23, "percent_covered": 65.21739130434783, "percent_covered_display": "65", "missing_lines": 8, "excluded_lines": 0, "percent_statements_covered": 65.21739130434783, "percent_statements_covered_display": "65"}, "missing_lines": [11, 14, 15, 16, 17, 25, 28, 29], "excluded_lines": [], "functions": {"formatear_moneda": {"executed_lines": [6, 7, 8, 9, 10], "summary": {"covered_lines": 5, "num_statements": 6, "percent_covered": 83.33333333333333, "percent_covered_display": "83", "missing_lines": 1, "excluded_lines": 0, "percent_statements_covered": 83.33333333333333, "percent_statements_covered_display": "83"}, "missing_lines": [11], "excluded_lines": [], "start_line": 5}, "calcular_ianc": {"executed_lines": [], "summary": {"covered_lines": 0, "num_statements": 4, "percent_covered": 0.0, "percent_covered_display": "0", "missing_lines": 4, "excluded_lines": 0, "percent_statements_covered": 0.0, "percent_statements_covered_display": "0"}, "missing_lines": [14, 15, 16, 17], "excluded_lines": [], "start_line": 13}, "truncar": {"executed_lines": [20, 21, 22], "summary": {"covered_lines": 3, "num_statements": 3, "percent_covered": 100.0, "percent_covered_display": "100", "missing_lines": 0, "excluded_lines": 0, "percent_statements_covered": 100.0, "percent_statements_covered_display": "100"}, "missing_lines": [], "excluded_lines": [], "start_line": 19}, "fecha_actual_formato": {"executed_lines": [], "summary": {"covered_lines": 0, "num_statements": 1, "percent_covered": 0.0, "percent_covered_display": "0", "missing_lines": 1, "excluded_lines": 0, "percent_statements_covered": 0.0, "percent_statements_covered_display": "0"}, "missing_lines": [25], "excluded_lines": [], "start_line": 24}, "diferencia_dias": {"executed_lines": [], "summary": {"covered_lines": 0, "num_statements": 2, "percent_covered": 0.0, "percent_covered_display": "0", "missing_lines": 2, "excluded_lines": 0, "percent_statements_covered": 0.0, "percent_statements_covered_display": "0"}, "missing_lines": [28, 29], "excluded_lines": [], "start_line": 27}, "": {"executed_lines": [2, 3, 5, 13, 19, 24, 27], "summary": {"covered_lines": 7, "num_statements": 7, "percent_covered": 100.0, "percent_covered_display": "100", "missing_lines": 0, "excluded_lines": 0, "percent_statements_covered": 100.0, "percent_statements_covered_display": "100"}, "missing_lines": [], "excluded_lines": [], "start_line": 1}}, "classes": {"": {"executed_lines": [2, 3, 5, 6, 7, 8, 9, 10, 13, 19, 20, 21, 22, 24, 27], "summary": {"covered_lines": 15, "num_statements": 23, "percent_covered": 65.21739130434783, "percent_covered_display": "65", "missing_lines": 8, "excluded_lines": 0, "percent_statements_covered": 65.21739130434783, "percent_statements_covered_display": "65"}, "missing_lines": [11, 14, 15, 16, 17, 25, 28, 29], "excluded_lines": [], "start_line": 1}}}, "utils/seguridad.py": {"executed_lines": [4, 5, 6, 8, 10, 11, 12, 13, 17, 18, 19, 21, 24, 29, 30, 31, 46, 49, 61, 73, 88, 93, 98, 99, 100, 103, 104, 107, 108, 109, 110, 117], "summary": {"covered_lines": 32, "num_statements": 89, "percent_covered": 35.95505617977528, "percent_covered_display": "36", "missing_lines": 57, "excluded_lines": 0, "percent_statements_covered": 35.95505617977528, "percent_statements_covered_display": "36"}, "missing_lines": [14, 15, 25, 32, 33, 34, 35, 36, 37, 38, 39, 40, 41, 42, 43, 44, 45, 50, 51, 52, 53, 54, 55, 56, 57, 58, 62, 63, 64, 65, 66, 67, 68, 69, 70, 74, 75, 76, 77, 78, 79, 80, 81, 82, 83, 84, 89, 90, 94, 95, 101, 102, 111, 112, 113, 114, 118], "excluded_lines": [], "functions": {"_get_session_timeout": {"executed_lines": [11, 12, 13], "summary": {"covered_lines": 3, "num_statements": 5, "percent_covered": 60.0, "percent_covered_display": "60", "missing_lines": 2, "excluded_lines": 0, "percent_statements_covered": 60.0, "percent_statements_covered_display": "60"}, "missing_lines": [14, 15], "excluded_lines": [], "start_line": 10}, "_es_ajax": {"executed_lines": [], "summary": {"covered_lines": 0, "num_statements": 1, "percent_covered": 0.0, "percent_covered_display": "0", "missing_lines": 1, "excluded_lines": 0, "percent_statements_covered": 0.0, "percent_statements_covered_display": "0"}, "missing_lines": [25], "excluded_lines": [], "start_line": 24}, "login_required": {"executed_lines": [31, 46], "summary": {"covered_lines": 2, "num_statements": 2, "percent_covered": 100.0, "percent_covered_display": "100", "missing_lines": 0, "excluded_lines": 0, "percent_statements_covered": 100.0, "percent_statements_covered_display": "100"}, "missing_lines": [], "excluded_lines": [], "start_line": 29}, "login_required.decorado": {"executed_lines": [], "summary": {"covered_lines": 0, "num_statements": 14, "percent_covered": 0.0, "percent_covered_display": "0", "missing_lines": 14, "excluded_lines": 0, "percent_statements_covered": 0.0, "percent_statements_covered_display": "0"}, "missing_lines": [32, 33, 34, 35, 36, 37, 38, 39, 40, 41, 42, 43, 44, 45], "excluded_lines": [], "start_line": 31}, "admin_required": {"executed_lines": [], "summary": {"covered_lines": 0, "num_statements": 2, "percent_covered": 0.0, "percent_covered_display": "0", "missing_lines": 2, "excluded_lines": 0, "percent_statements_covered": 0.0, "percent_statements_covered_display": "0"}, "missing_lines": [51, 58], "excluded_lines": [], "start_line": 49}, "admin_required.decorado": {"executed_lines": [], "summary": {"covered_lines": 0, "num_statements": 6, "percent_covered": 0.0, "percent_covered_display": "0", "missing_lines": 6, "excluded_lines": 0, "percent_statements_covered": 0.0, "percent_statements_covered_display": "0"}, "missing_lines": [52, 53, 54, 55, 56, 57], "excluded_lines": [], "start_line": 51}, "auditor_required": {"executed_lines": [], "summary": {"covered_lines": 0, "num_statements": 2, "percent_covered": 0.0, "percent_covered_display": "0", "missing_lines": 2, "excluded_lines": 0, "percent_statements_covered": 0.0, "percent_statements_covered_display": "0"}, "missing_lines": [63, 70], "excluded_lines": [], "start_line": 61}, "auditor_required.decorado": {"executed_lines": [], "summary": {"covered_lines": 0, "num_statements": 6, "percent_covered": 0.0, "percent_covered_display": "0", "missing_lines": 6, "excluded_lines": 0, "percent_statements_covered": 0.0, "percent_statements_covered_display": "0"}, "missing_lines": [64, 65, 66, 67, 68, 69], "excluded_lines": [], "start_line": 63}, "verificar_permiso": {"executed_lines": [], "summary": {"covered_lines": 0, "num_statements": 3, "percent_covered": 0.0, "percent_covered_display": "0", "missing_lines": 3, "excluded_lines": 0, "percent_statements_covered": 0.0, "percent_statements_covered_display": "0"}, "missing_lines": [74, 75, 84], "excluded_lines": [], "start_line": 73}, "verificar_permiso.decorator": {"executed_lines": [], "summary": {"covered_lines": 0, "num_statements": 2, "percent_covered": 0.0, "percent_covered_display": "0", "missing_lines": 2, "excluded_lines": 0, "percent_statements_covered": 0.0, "percent_statements_covered_display": "0"}, "missing_lines": [76, 83], "excluded_lines": [], "start_line": 74}, "verificar_permiso.decorator.decorado": {"executed_lines": [], "summary": {"covered_lines": 0, "num_statements": 6, "percent_covered": 0.0, "percent_covered_display": "0", "missing_lines": 6, "excluded_lines": 0, "percent_statements_covered": 0.0, "percent_statements_covered_display": "0"}, "missing_lines": [77, 78, 79, 80, 81, 82], "excluded_lines": [], "start_line": 76}, "generar_token_csrf": {"executed_lines": [], "summary": {"covered_lines": 0, "num_statements": 2, "percent_covered": 0.0, "percent_covered_display": "0", "missing_lines": 2, "excluded_lines": 0, "percent_statements_covered": 0.0, "percent_statements_covered_display": "0"}, "missing_lines": [89, 90], "excluded_lines": [], "start_line": 88}, "verificar_token_csrf": {"executed_lines": [], "summary": {"covered_lines": 0, "num_statements": 2, "percent_covered": 0.0, "percent_covered_display": "0", "missing_lines": 2, "excluded_lines": 0, "percent_statements_covered": 0.0, "percent_statements_covered_display": "0"}, "missing_lines": [94, 95], "excluded_lines": [], "start_line": 93}, "registrar_intento_fallo": {"executed_lines": [99, 100, 103, 104], "summary": {"covered_lines": 4, "num_statements": 6, "percent_covered": 66.66666666666667, "percent_covered_display": "67", "missing_lines": 2, "excluded_lines": 0, "percent_statements_covered": 66.66666666666667, "percent_statements_covered_display": "67"}, "missing_lines": [101, 102], "excluded_lines": [], "start_line": 98}, "esta_bloqueado": {"executed_lines": [108, 109, 110], "summary": {"covered_lines": 3, "num_statements": 7, "percent_covered": 42.857142857142854, "percent_covered_display": "43", "missing_lines": 4, "excluded_lines": 0, "percent_statements_covered": 42.857142857142854, "percent_statements_covered_display": "43"}, "missing_lines": [111, 112, 113, 114], "excluded_lines": [], "start_line": 107}, "limpiar_intentos": {"executed_lines": [], "summary": {"covered_lines": 0, "num_statements": 1, "percent_covered": 0.0, "percent_covered_display": "0", "missing_lines": 1, "excluded_lines": 0, "percent_statements_covered": 0.0, "percent_statements_covered_display": "0"}, "missing_lines": [118], "excluded_lines": [], "start_line": 117}, "": {"executed_lines": [4, 5, 6, 8, 10, 17, 18, 19, 21, 24, 29, 30, 49, 61, 73, 88, 93, 98, 107, 117], "summary": {"covered_lines": 20, "num_statements": 22, "percent_covered": 90.9090909090909, "percent_covered_display": "91", "missing_lines": 2, "excluded_lines": 0, "percent_statements_covered": 90.9090909090909, "percent_statements_covered_display": "91"}, "missing_lines": [50, 62], "excluded_lines": [], "start_line": 1}}, "classes": {"": {"executed_lines": [4, 5, 6, 8, 10, 11, 12, 13, 17, 18, 19, 21, 24, 29, 30, 31, 46, 49, 61, 73, 88, 93, 98, 99, 100, 103, 104, 107, 108, 109, 110, 117], "summary": {"covered_lines": 32, "num_statements": 89, "percent_covered": 35.95505617977528, "percent_covered_display": "36", "missing_lines": 57, "excluded_lines": 0, "percent_statements_covered": 35.95505617977528, "percent_statements_covered_display": "36"}, "missing_lines": [14, 15, 25, 32, 33, 34, 35, 36, 37, 38, 39, 40, 41, 42, 43, 44, 45, 50, 51, 52, 53, 54, 55, 56, 57, 58, 62, 63, 64, 65, 66, 67, 68, 69, 70, 74, 75, 76, 77, 78, 79, 80, 81, 82, 83, 84, 89, 90, 94, 95, 101, 102, 111, 112, 113, 114, 118], "excluded_lines": [], "start_line": 1}}}, "utils/validadores.py": {"executed_lines": [4, 5, 8, 15, 17, 18, 21, 25, 30, 45, 51, 60, 72], "summary": {"covered_lines": 13, "num_statements": 55, "percent_covered": 23.636363636363637, "percent_covered_display": "24", "missing_lines": 42, "excluded_lines": 0, "percent_statements_covered": 23.636363636363637, "percent_statements_covered_display": "24"}, "missing_lines": [22, 26, 27, 31, 32, 33, 34, 35, 36, 37, 38, 39, 40, 41, 42, 46, 47, 48, 52, 53, 54, 55, 56, 57, 61, 62, 63, 64, 65, 66, 67, 68, 69, 73, 74, 75, 76, 77, 78, 79, 80, 81], "excluded_lines": [], "functions": {"tiene_caracteres_invalidos": {"executed_lines": [], "summary": {"covered_lines": 0, "num_statements": 1, "percent_covered": 0.0, "percent_covered_display": "0", "missing_lines": 1, "excluded_lines": 0, "percent_statements_covered": 0.0, "percent_statements_covered_display": "0"}, "missing_lines": [22], "excluded_lines": [], "start_line": 21}, "es_nombre_reservado_windows": {"executed_lines": [], "summary": {"covered_lines": 0, "num_statements": 2, "percent_covered": 0.0, "percent_covered_display": "0", "missing_lines": 2, "excluded_lines": 0, "percent_statements_covered": 0.0, "percent_statements_covered_display": "0"}, "missing_lines": [26, 27], "excluded_lines": [], "start_line": 25}, "validar_nombre_carpeta": {"executed_lines": [], "summary": {"covered_lines": 0, "num_statements": 12, "percent_covered": 0.0, "percent_covered_display": "0", "missing_lines": 12, "excluded_lines": 0, "percent_statements_covered": 0.0, "percent_statements_covered_display": "0"}, "missing_lines": [31, 32, 33, 34, 35, 36, 37, 38, 39, 40, 41, 42], "excluded_lines": [], "start_line": 30}, "validar_longitud_ruta": {"executed_lines": [], "summary": {"covered_lines": 0, "num_statements": 3, "percent_covered": 0.0, "percent_covered_display": "0", "missing_lines": 3, "excluded_lines": 0, "percent_statements_covered": 0.0, "percent_statements_covered_display": "0"}, "missing_lines": [46, 47, 48], "excluded_lines": [], "start_line": 45}, "limpiar_nombre_carpeta": {"executed_lines": [], "summary": {"covered_lines": 0, "num_statements": 6, "percent_covered": 0.0, "percent_covered_display": "0", "missing_lines": 6, "excluded_lines": 0, "percent_statements_covered": 0.0, "percent_statements_covered_display": "0"}, "missing_lines": [52, 53, 54, 55, 56, 57], "excluded_lines": [], "start_line": 51}, "verificar_espacio_disco": {"executed_lines": [], "summary": {"covered_lines": 0, "num_statements": 9, "percent_covered": 0.0, "percent_covered_display": "0", "missing_lines": 9, "excluded_lines": 0, "percent_statements_covered": 0.0, "percent_statements_covered_display": "0"}, "missing_lines": [61, 62, 63, 64, 65, 66, 67, 68, 69], "excluded_lines": [], "start_line": 60}, "get_creation_time": {"executed_lines": [], "summary": {"covered_lines": 0, "num_statements": 9, "percent_covered": 0.0, "percent_covered_display": "0", "missing_lines": 9, "excluded_lines": 0, "percent_statements_covered": 0.0, "percent_statements_covered_display": "0"}, "missing_lines": [73, 74, 75, 76, 77, 78, 79, 80, 81], "excluded_lines": [], "start_line": 72}, "": {"executed_lines": [4, 5, 8, 15, 17, 18, 21, 25, 30, 45, 51, 60, 72], "summary": {"covered_lines": 13, "num_statements": 13, "percent_covered": 100.0, "percent_covered_display": "100", "missing_lines": 0, "excluded_lines": 0, "percent_statements_covered": 100.0, "percent_statements_covered_display": "100"}, "missing_lines": [], "excluded_lines": [], "start_line": 1}}, "classes": {"": {"executed_lines": [4, 5, 8, 15, 17, 18, 21, 25, 30, 45, 51, 60, 72], "summary": {"covered_lines": 13, "num_statements": 55, "percent_covered": 23.636363636363637, "percent_covered_display": "24", "missing_lines": 42, "excluded_lines": 0, "percent_statements_covered": 23.636363636363637, "percent_statements_covered_display": "24"}, "missing_lines": [22, 26, 27, 31, 32, 33, 34, 35, 36, 37, 38, 39, 40, 41, 42, 46, 47, 48, 52, 53, 54, 55, 56, 57, 61, 62, 63, 64, 65, 66, 67, 68, 69, 73, 74, 75, 76, 77, 78, 79, 80, 81], "excluded_lines": [], "start_line": 1}}}, "utils/validators.py": {"executed_lines": [], "summary": {"covered_lines": 0, "num_statements": 27, "percent_covered": 0.0, "percent_covered_display": "0", "missing_lines": 27, "excluded_lines": 0, "percent_statements_covered": 0.0, "percent_statements_covered_display": "0"}, "missing_lines": [2, 3, 5, 6, 8, 9, 11, 12, 14, 15, 17, 18, 19, 21, 22, 23, 25, 26, 27, 28, 30, 31, 32, 34, 35, 36, 37], "excluded_lines": [], "functions": {"validar_cedula": {"executed_lines": [], "summary": {"covered_lines": 0, "num_statements": 1, "percent_covered": 0.0, "percent_covered_display": "0", "missing_lines": 1, "excluded_lines": 0, "percent_statements_covered": 0.0, "percent_statements_covered_display": "0"}, "missing_lines": [6], "excluded_lines": [], "start_line": 5}, "validar_nit": {"executed_lines": [], "summary": {"covered_lines": 0, "num_statements": 1, "percent_covered": 0.0, "percent_covered_display": "0", "missing_lines": 1, "excluded_lines": 0, "percent_statements_covered": 0.0, "percent_statements_covered_display": "0"}, "missing_lines": [9], "excluded_lines": [], "start_line": 8}, "validar_telefono": {"executed_lines": [], "summary": {"covered_lines": 0, "num_statements": 1, "percent_covered": 0.0, "percent_covered_display": "0", "missing_lines": 1, "excluded_lines": 0, "percent_statements_covered": 0.0, "percent_statements_covered_display": "0"}, "missing_lines": [12], "excluded_lines": [], "start_line": 11}, "validar_correo": {"executed_lines": [], "summary": {"covered_lines": 0, "num_statements": 1, "percent_covered": 0.0, "percent_covered_display": "0", "missing_lines": 1, "excluded_lines": 0, "percent_statements_covered": 0.0, "percent_statements_covered_display": "0"}, "missing_lines": [15], "excluded_lines": [], "start_line": 14}, "validar_coordenada_lat": {"executed_lines": [], "summary": {"covered_lines": 0, "num_statements": 2, "percent_covered": 0.0, "percent_covered_display": "0", "missing_lines": 2, "excluded_lines": 0, "percent_statements_covered": 0.0, "percent_statements_covered_display": "0"}, "missing_lines": [18, 19], "excluded_lines": [], "start_line": 17}, "validar_coordenada_lon": {"executed_lines": [], "summary": {"covered_lines": 0, "num_statements": 2, "percent_covered": 0.0, "percent_covered_display": "0", "missing_lines": 2, "excluded_lines": 0, "percent_statements_covered": 0.0, "percent_statements_covered_display": "0"}, "missing_lines": [22, 23], "excluded_lines": [], "start_line": 21}, "sanitizar_texto": {"executed_lines": [], "summary": {"covered_lines": 0, "num_statements": 3, "percent_covered": 0.0, "percent_covered_display": "0", "missing_lines": 3, "excluded_lines": 0, "percent_statements_covered": 0.0, "percent_statements_covered_display": "0"}, "missing_lines": [26, 27, 28], "excluded_lines": [], "start_line": 25}, "sanitizar_flotante": {"executed_lines": [], "summary": {"covered_lines": 0, "num_statements": 2, "percent_covered": 0.0, "percent_covered_display": "0", "missing_lines": 2, "excluded_lines": 0, "percent_statements_covered": 0.0, "percent_statements_covered_display": "0"}, "missing_lines": [31, 32], "excluded_lines": [], "start_line": 30}, "es_fecha_valida": {"executed_lines": [], "summary": {"covered_lines": 0, "num_statements": 3, "percent_covered": 0.0, "percent_covered_display": "0", "missing_lines": 3, "excluded_lines": 0, "percent_statements_covered": 0.0, "percent_statements_covered_display": "0"}, "missing_lines": [35, 36, 37], "excluded_lines": [], "start_line": 34}, "": {"executed_lines": [], "summary": {"covered_lines": 0, "num_statements": 11, "percent_covered": 0.0, "percent_covered_display": "0", "missing_lines": 11, "excluded_lines": 0, "percent_statements_covered": 0.0, "percent_statements_covered_display": "0"}, "missing_lines": [2, 3, 5, 8, 11, 14, 17, 21, 25, 30, 34], "excluded_lines": [], "start_line": 1}}, "classes": {"": {"executed_lines": [], "summary": {"covered_lines": 0, "num_statements": 27, "percent_covered": 0.0, "percent_covered_display": "0", "missing_lines": 27, "excluded_lines": 0, "percent_statements_covered": 0.0, "percent_statements_covered_display": "0"}, "missing_lines": [2, 3, 5, 6, 8, 9, 11, 12, 14, 15, 17, 18, 19, 21, 22, 23, 25, 26, 27, 28, 30, 31, 32, 34, 35, 36, 37], "excluded_lines": [], "start_line": 1}}}}, "totals": {"covered_lines": 1431, "num_statements": 6662, "percent_covered": 21.480036025217654, "percent_covered_display": "21", "missing_lines": 5231, "excluded_lines": 0, "percent_statements_covered": 21.480036025217654, "percent_statements_covered_display": "21"}}